#
# There is insufficient memory for the Java Runtime Environment to continue.
# Native memory allocation (malloc) failed to allocate 473696 bytes for Chunk::new
# Possible reasons:
#   The system is out of physical RAM or swap space
#   The process is running with CompressedOops enabled, and the Java Heap may be blocking the growth of the native heap
# Possible solutions:
#   Reduce memory load on the system
#   Increase physical memory or swap space
#   Check if swap backing store is full
#   Decrease Java heap size (-Xmx/-Xms)
#   Decrease number of Java threads
#   Decrease Java thread stack sizes (-Xss)
#   Set larger code cache with -XX:ReservedCodeCacheSize=
#   JVM is running with Unscaled Compressed Oops mode in which the Java heap is
#     placed in the first 4GB address space. The Java Heap base address is the
#     maximum limit for the native heap growth. Please use -XX:HeapBaseMinAddress
#     to set the Java Heap base and to place the Java Heap above 4GB virtual address.
# This output file may be truncated or incomplete.
#
#  Out of Memory Error (./open/src/hotspot/share/memory/arena.cpp:197), pid=14008, tid=10056
#
# JRE version: Java(TM) SE Runtime Environment 18.9 (11.0.8+10) (build 11.0.8+10-LTS)
# Java VM: Java HotSpot(TM) 64-Bit Server VM 18.9 (11.0.8+10-LTS, mixed mode, tiered, compressed oops, g1 gc, windows-amd64)
# No core dump will be written. Minidumps are not enabled by default on client versions of Windows
#

---------------  S U M M A R Y ------------

Command Line: -Dfile.encoding=UTF-8 fr.epita.movies.MoviesApplication

Host: Intel(R) Core(TM) i5-6200U CPU @ 2.30GHz, 4 cores, 3G,  Windows 10 , 64 bit Build 19041 (10.0.19041.1023)
Time: Tue Jul  6 18:37:11 2021 Romance Daylight Time elapsed time: 4 seconds (0d 0h 0m 4s)

---------------  T H R E A D  ---------------

Current thread (0x0000021947139000):  JavaThread "C2 CompilerThread1" daemon [_thread_in_native, id=10056, stack(0x000000308f800000,0x000000308f900000)]


Current CompileTask:
C2:   4294 2860       4       org.springframework.beans.factory.support.AbstractBeanFactory::isTypeMatch (607 bytes)

Stack: [0x000000308f800000,0x000000308f900000]
Native frames: (J=compiled Java code, j=interpreted, Vv=VM code, C=native code)
V  [jvm.dll+0x601aea]
V  [jvm.dll+0x737fef]
V  [jvm.dll+0x739675]
V  [jvm.dll+0x739cf3]
V  [jvm.dll+0x242848]
V  [jvm.dll+0xb999c]
V  [jvm.dll+0xb9f2c]
V  [jvm.dll+0x2b2f34]
V  [jvm.dll+0x523966]
V  [jvm.dll+0x2044ad]
V  [jvm.dll+0x1fe3fa]
V  [jvm.dll+0x1fb37f]
V  [jvm.dll+0x17e0fc]
V  [jvm.dll+0x20aaa4]
V  [jvm.dll+0x208b7b]
V  [jvm.dll+0x6ff90c]
V  [jvm.dll+0x6f845c]
V  [jvm.dll+0x600d66]
C  [ucrtbase.dll+0x21bb2]
C  [KERNEL32.DLL+0x17034]
C  [ntdll.dll+0x52651]


---------------  P R O C E S S  ---------------

Threads class SMR info:
_java_thread_list=0x0000021948111a20, length=11, elements={
0x0000021928539000, 0x0000021946249000, 0x0000021946254000, 0x00000219462a0800,
0x00000219462a1800, 0x00000219462a4800, 0x00000219462b4800, 0x00000219462b9800,
0x0000021946d75800, 0x0000021946da3800, 0x0000021947139000
}

Java Threads: ( => current thread )
  0x0000021928539000 JavaThread "main" [_thread_in_vm, id=16092, stack(0x000000308e700000,0x000000308e800000)]
  0x0000021946249000 JavaThread "Reference Handler" daemon [_thread_blocked, id=8972, stack(0x000000308ee00000,0x000000308ef00000)]
  0x0000021946254000 JavaThread "Finalizer" daemon [_thread_blocked, id=14748, stack(0x000000308ef00000,0x000000308f000000)]
  0x00000219462a0800 JavaThread "Signal Dispatcher" daemon [_thread_blocked, id=11644, stack(0x000000308f000000,0x000000308f100000)]
  0x00000219462a1800 JavaThread "Attach Listener" daemon [_thread_blocked, id=15284, stack(0x000000308f100000,0x000000308f200000)]
  0x00000219462a4800 JavaThread "C2 CompilerThread0" daemon [_thread_in_native, id=8564, stack(0x000000308f200000,0x000000308f300000)]
  0x00000219462b4800 JavaThread "C1 CompilerThread0" daemon [_thread_blocked, id=6220, stack(0x000000308f300000,0x000000308f400000)]
  0x00000219462b9800 JavaThread "Sweeper thread" daemon [_thread_blocked, id=13940, stack(0x000000308f400000,0x000000308f500000)]
  0x0000021946d75800 JavaThread "Service Thread" daemon [_thread_blocked, id=13680, stack(0x000000308f500000,0x000000308f600000)]
  0x0000021946da3800 JavaThread "Common-Cleaner" daemon [_thread_blocked, id=11920, stack(0x000000308f700000,0x000000308f800000)]
=>0x0000021947139000 JavaThread "C2 CompilerThread1" daemon [_thread_in_native, id=10056, stack(0x000000308f800000,0x000000308f900000)]

Other Threads:
  0x0000021946224800 VMThread "VM Thread" [stack: 0x000000308ed00000,0x000000308ee00000] [id=14616]
  0x0000021946d99800 WatcherThread [stack: 0x000000308f600000,0x000000308f700000] [id=3820]
  0x0000021928550800 GCTaskThread "GC Thread#0" [stack: 0x000000308e800000,0x000000308e900000] [id=8580]
  0x00000219285cd000 GCTaskThread "GC Thread#1" [stack: 0x000000308f900000,0x000000308fa00000] [id=7484]
  0x00000219285cd800 GCTaskThread "GC Thread#2" [stack: 0x000000308fb00000,0x000000308fc00000] [id=11676]
  0x00000219285ca000 GCTaskThread "GC Thread#3" [stack: 0x000000308fc00000,0x000000308fd00000] [id=5468]
  0x000002192856d000 ConcurrentGCThread "G1 Main Marker" [stack: 0x000000308e900000,0x000000308ea00000] [id=9020]
  0x0000021928573000 ConcurrentGCThread "G1 Conc#0" [stack: 0x000000308ea00000,0x000000308eb00000] [id=13512]
  0x00000219285cc000 ConcurrentGCThread "G1 Refine#0" [stack: 0x000000308eb00000,0x000000308ec00000] [id=14140]
  0x00000219285d1000 ConcurrentGCThread "G1 Young RemSet Sampling" [stack: 0x000000308ec00000,0x000000308ed00000] [id=15696]

Threads with active compile tasks:
C2 CompilerThread0   4368 2871   !   4       jdk.internal.loader.BuiltinClassLoader::loadClassOrNull (143 bytes)
C2 CompilerThread1   4368 2860       4       org.springframework.beans.factory.support.AbstractBeanFactory::isTypeMatch (607 bytes)

VM state:not at safepoint (normal execution)

VM Mutex/Monitor currently owned by a thread: None

Heap address: 0x00000000c1c00000, size: 996 MB, Compressed Oops mode: 32-bit
Narrow klass base: 0x0000000000000000, Narrow klass shift: 3
Compressed class space size: 1073741824 Address: 0x0000000100000000

Heap:
 garbage-first heap   total 78848K, used 12735K [0x00000000c1c00000, 0x0000000100000000)
  region size 1024K, 7 young (7168K), 4 survivors (4096K)
 Metaspace       used 30824K, capacity 31573K, committed 31744K, reserved 1077248K
  class space    used 3465K, capacity 3741K, committed 3840K, reserved 1048576K
Heap Regions: E=young(eden), S=young(survivor), O=old, HS=humongous(starts), HC=humongous(continues), CS=collection set, F=free, A=archive, TAMS=top-at-mark-start (previous, next)
|   0|0x00000000c1c00000, 0x00000000c1d00000, 0x00000000c1d00000|100%|HS|  |TAMS 0x00000000c1d00000, 0x00000000c1c00000| Complete 
|   1|0x00000000c1d00000, 0x00000000c1e00000, 0x00000000c1e00000|100%| O|  |TAMS 0x00000000c1e00000, 0x00000000c1d00000| Untracked 
|   2|0x00000000c1e00000, 0x00000000c1f00000, 0x00000000c1f00000|100%| O|  |TAMS 0x00000000c1f00000, 0x00000000c1e00000| Untracked 
|   3|0x00000000c1f00000, 0x00000000c2000000, 0x00000000c2000000|100%| O|  |TAMS 0x00000000c2000000, 0x00000000c1f00000| Untracked 
|   4|0x00000000c2000000, 0x00000000c2100000, 0x00000000c2100000|100%| O|  |TAMS 0x00000000c2100000, 0x00000000c2000000| Untracked 
|   5|0x00000000c2100000, 0x00000000c2200000, 0x00000000c2200000|100%| O|  |TAMS 0x00000000c21e6e00, 0x00000000c2100000| Untracked 
|   6|0x00000000c2200000, 0x00000000c2300000, 0x00000000c2300000|100%| O|  |TAMS 0x00000000c2200000, 0x00000000c2200000| Untracked 
|   7|0x00000000c2300000, 0x00000000c232ce00, 0x00000000c2400000| 17%| O|  |TAMS 0x00000000c2300000, 0x00000000c2300000| Untracked 
|   8|0x00000000c2400000, 0x00000000c2400000, 0x00000000c2500000|  0%| F|  |TAMS 0x00000000c2400000, 0x00000000c2400000| Untracked 
|   9|0x00000000c2500000, 0x00000000c2500000, 0x00000000c2600000|  0%| F|  |TAMS 0x00000000c2500000, 0x00000000c2500000| Untracked 
|  10|0x00000000c2600000, 0x00000000c2600000, 0x00000000c2700000|  0%| F|  |TAMS 0x00000000c2600000, 0x00000000c2600000| Untracked 
|  11|0x00000000c2700000, 0x00000000c2700000, 0x00000000c2800000|  0%| F|  |TAMS 0x00000000c2700000, 0x00000000c2700000| Untracked 
|  12|0x00000000c2800000, 0x00000000c2800000, 0x00000000c2900000|  0%| F|  |TAMS 0x00000000c2800000, 0x00000000c2800000| Untracked 
|  13|0x00000000c2900000, 0x00000000c2900000, 0x00000000c2a00000|  0%| F|  |TAMS 0x00000000c2900000, 0x00000000c2900000| Untracked 
|  14|0x00000000c2a00000, 0x00000000c2a00000, 0x00000000c2b00000|  0%| F|  |TAMS 0x00000000c2a00000, 0x00000000c2a00000| Untracked 
|  15|0x00000000c2b00000, 0x00000000c2b00000, 0x00000000c2c00000|  0%| F|  |TAMS 0x00000000c2b00000, 0x00000000c2b00000| Untracked 
|  16|0x00000000c2c00000, 0x00000000c2c00000, 0x00000000c2d00000|  0%| F|  |TAMS 0x00000000c2c00000, 0x00000000c2c00000| Untracked 
|  17|0x00000000c2d00000, 0x00000000c2d00000, 0x00000000c2e00000|  0%| F|  |TAMS 0x00000000c2d00000, 0x00000000c2d00000| Untracked 
|  18|0x00000000c2e00000, 0x00000000c2e00000, 0x00000000c2f00000|  0%| F|  |TAMS 0x00000000c2e00000, 0x00000000c2e00000| Untracked 
|  19|0x00000000c2f00000, 0x00000000c2f00000, 0x00000000c3000000|  0%| F|  |TAMS 0x00000000c2f00000, 0x00000000c2f00000| Untracked 
|  20|0x00000000c3000000, 0x00000000c3000000, 0x00000000c3100000|  0%| F|  |TAMS 0x00000000c3000000, 0x00000000c3000000| Untracked 
|  21|0x00000000c3100000, 0x00000000c3100000, 0x00000000c3200000|  0%| F|  |TAMS 0x00000000c3100000, 0x00000000c3100000| Untracked 
|  22|0x00000000c3200000, 0x00000000c3200000, 0x00000000c3300000|  0%| F|  |TAMS 0x00000000c3200000, 0x00000000c3200000| Untracked 
|  23|0x00000000c3300000, 0x00000000c3342ec8, 0x00000000c3400000| 26%| S|CS|TAMS 0x00000000c3300000, 0x00000000c3300000| Complete 
|  24|0x00000000c3400000, 0x00000000c3500000, 0x00000000c3500000|100%| S|CS|TAMS 0x00000000c3400000, 0x00000000c3400000| Complete 
|  25|0x00000000c3500000, 0x00000000c3600000, 0x00000000c3600000|100%| S|CS|TAMS 0x00000000c3500000, 0x00000000c3500000| Complete 
|  26|0x00000000c3600000, 0x00000000c3700000, 0x00000000c3700000|100%| S|CS|TAMS 0x00000000c3600000, 0x00000000c3600000| Complete 
|  27|0x00000000c3700000, 0x00000000c3700000, 0x00000000c3800000|  0%| F|  |TAMS 0x00000000c3700000, 0x00000000c3700000| Untracked 
|  28|0x00000000c3800000, 0x00000000c3800000, 0x00000000c3900000|  0%| F|  |TAMS 0x00000000c3800000, 0x00000000c3800000| Untracked 
|  29|0x00000000c3900000, 0x00000000c3900000, 0x00000000c3a00000|  0%| F|  |TAMS 0x00000000c3900000, 0x00000000c3900000| Untracked 
|  30|0x00000000c3a00000, 0x00000000c3a00000, 0x00000000c3b00000|  0%| F|  |TAMS 0x00000000c3a00000, 0x00000000c3a00000| Untracked 
|  31|0x00000000c3b00000, 0x00000000c3b00000, 0x00000000c3c00000|  0%| F|  |TAMS 0x00000000c3b00000, 0x00000000c3b00000| Untracked 
|  32|0x00000000c3c00000, 0x00000000c3c00000, 0x00000000c3d00000|  0%| F|  |TAMS 0x00000000c3c00000, 0x00000000c3c00000| Untracked 
|  33|0x00000000c3d00000, 0x00000000c3d00000, 0x00000000c3e00000|  0%| F|  |TAMS 0x00000000c3d00000, 0x00000000c3d00000| Untracked 
|  34|0x00000000c3e00000, 0x00000000c3e00000, 0x00000000c3f00000|  0%| F|  |TAMS 0x00000000c3e00000, 0x00000000c3e00000| Untracked 
|  35|0x00000000c3f00000, 0x00000000c3f00000, 0x00000000c4000000|  0%| F|  |TAMS 0x00000000c3f00000, 0x00000000c3f00000| Untracked 
|  36|0x00000000c4000000, 0x00000000c4000000, 0x00000000c4100000|  0%| F|  |TAMS 0x00000000c4000000, 0x00000000c4000000| Untracked 
|  37|0x00000000c4100000, 0x00000000c4100000, 0x00000000c4200000|  0%| F|  |TAMS 0x00000000c4100000, 0x00000000c4100000| Untracked 
|  38|0x00000000c4200000, 0x00000000c4200000, 0x00000000c4300000|  0%| F|  |TAMS 0x00000000c4200000, 0x00000000c4200000| Untracked 
|  39|0x00000000c4300000, 0x00000000c4300000, 0x00000000c4400000|  0%| F|  |TAMS 0x00000000c4300000, 0x00000000c4300000| Untracked 
|  40|0x00000000c4400000, 0x00000000c4400000, 0x00000000c4500000|  0%| F|  |TAMS 0x00000000c4400000, 0x00000000c4400000| Untracked 
|  41|0x00000000c4500000, 0x00000000c4500000, 0x00000000c4600000|  0%| F|  |TAMS 0x00000000c4500000, 0x00000000c4500000| Untracked 
|  42|0x00000000c4600000, 0x00000000c4600000, 0x00000000c4700000|  0%| F|  |TAMS 0x00000000c4600000, 0x00000000c4600000| Untracked 
|  43|0x00000000c4700000, 0x00000000c4700000, 0x00000000c4800000|  0%| F|  |TAMS 0x00000000c4700000, 0x00000000c4700000| Untracked 
|  44|0x00000000c4800000, 0x00000000c4800000, 0x00000000c4900000|  0%| F|  |TAMS 0x00000000c4800000, 0x00000000c4800000| Untracked 
|  45|0x00000000c4900000, 0x00000000c4900000, 0x00000000c4a00000|  0%| F|  |TAMS 0x00000000c4900000, 0x00000000c4900000| Untracked 
|  46|0x00000000c4a00000, 0x00000000c4a00000, 0x00000000c4b00000|  0%| F|  |TAMS 0x00000000c4a00000, 0x00000000c4a00000| Untracked 
|  47|0x00000000c4b00000, 0x00000000c4b00000, 0x00000000c4c00000|  0%| F|  |TAMS 0x00000000c4b00000, 0x00000000c4b00000| Untracked 
|  48|0x00000000c4c00000, 0x00000000c4c00000, 0x00000000c4d00000|  0%| F|  |TAMS 0x00000000c4c00000, 0x00000000c4c00000| Untracked 
|  49|0x00000000c4d00000, 0x00000000c4d00000, 0x00000000c4e00000|  0%| F|  |TAMS 0x00000000c4d00000, 0x00000000c4d00000| Untracked 
|  50|0x00000000c4e00000, 0x00000000c4e00000, 0x00000000c4f00000|  0%| F|  |TAMS 0x00000000c4e00000, 0x00000000c4e00000| Untracked 
|  51|0x00000000c4f00000, 0x00000000c4f00000, 0x00000000c5000000|  0%| F|  |TAMS 0x00000000c4f00000, 0x00000000c4f00000| Untracked 
|  52|0x00000000c5000000, 0x00000000c5000000, 0x00000000c5100000|  0%| F|  |TAMS 0x00000000c5000000, 0x00000000c5000000| Untracked 
|  53|0x00000000c5100000, 0x00000000c5100000, 0x00000000c5200000|  0%| F|  |TAMS 0x00000000c5100000, 0x00000000c5100000| Untracked 
|  54|0x00000000c5200000, 0x00000000c5200000, 0x00000000c5300000|  0%| F|  |TAMS 0x00000000c5200000, 0x00000000c5200000| Untracked 
|  55|0x00000000c5300000, 0x00000000c5300000, 0x00000000c5400000|  0%| F|  |TAMS 0x00000000c5300000, 0x00000000c5300000| Untracked 
|  56|0x00000000c5400000, 0x00000000c5400000, 0x00000000c5500000|  0%| F|  |TAMS 0x00000000c5400000, 0x00000000c5400000| Untracked 
|  57|0x00000000c5500000, 0x00000000c5500000, 0x00000000c5600000|  0%| F|  |TAMS 0x00000000c5500000, 0x00000000c5500000| Untracked 
|  58|0x00000000c5600000, 0x00000000c5600000, 0x00000000c5700000|  0%| F|  |TAMS 0x00000000c5600000, 0x00000000c5600000| Untracked 
|  59|0x00000000c5700000, 0x00000000c5700000, 0x00000000c5800000|  0%| F|  |TAMS 0x00000000c5700000, 0x00000000c5700000| Untracked 
|  60|0x00000000c5800000, 0x00000000c5800000, 0x00000000c5900000|  0%| F|  |TAMS 0x00000000c5800000, 0x00000000c5800000| Untracked 
|  61|0x00000000c5900000, 0x00000000c5900000, 0x00000000c5a00000|  0%| F|  |TAMS 0x00000000c5900000, 0x00000000c5900000| Untracked 
|  62|0x00000000c5a00000, 0x00000000c5a00000, 0x00000000c5b00000|  0%| F|  |TAMS 0x00000000c5a00000, 0x00000000c5a00000| Untracked 
|  63|0x00000000c5b00000, 0x00000000c5b00000, 0x00000000c5c00000|  0%| F|  |TAMS 0x00000000c5b00000, 0x00000000c5b00000| Untracked 
|  64|0x00000000c5c00000, 0x00000000c5c00000, 0x00000000c5d00000|  0%| F|  |TAMS 0x00000000c5c00000, 0x00000000c5c00000| Untracked 
|  65|0x00000000c5d00000, 0x00000000c5d00000, 0x00000000c5e00000|  0%| F|  |TAMS 0x00000000c5d00000, 0x00000000c5d00000| Untracked 
|  66|0x00000000c5e00000, 0x00000000c5e00000, 0x00000000c5f00000|  0%| F|  |TAMS 0x00000000c5e00000, 0x00000000c5e00000| Untracked 
|  67|0x00000000c5f00000, 0x00000000c5f00000, 0x00000000c6000000|  0%| F|  |TAMS 0x00000000c5f00000, 0x00000000c5f00000| Untracked 
|  68|0x00000000c6000000, 0x00000000c6000000, 0x00000000c6100000|  0%| F|  |TAMS 0x00000000c6000000, 0x00000000c6000000| Untracked 
|  69|0x00000000c6100000, 0x00000000c6100000, 0x00000000c6200000|  0%| F|  |TAMS 0x00000000c6100000, 0x00000000c6100000| Untracked 
|  70|0x00000000c6200000, 0x00000000c6200000, 0x00000000c6300000|  0%| F|  |TAMS 0x00000000c6200000, 0x00000000c6200000| Untracked 
|  71|0x00000000c6300000, 0x00000000c6300000, 0x00000000c6400000|  0%| F|  |TAMS 0x00000000c6300000, 0x00000000c6300000| Untracked 
|  72|0x00000000c6400000, 0x00000000c6400000, 0x00000000c6500000|  0%| F|  |TAMS 0x00000000c6400000, 0x00000000c6400000| Untracked 
|  73|0x00000000c6500000, 0x00000000c6580800, 0x00000000c6600000| 50%| E|  |TAMS 0x00000000c6500000, 0x00000000c6500000| Complete 
|  74|0x00000000c6600000, 0x00000000c6700000, 0x00000000c6700000|100%| E|CS|TAMS 0x00000000c6600000, 0x00000000c6600000| Complete 
|  75|0x00000000c6700000, 0x00000000c6800000, 0x00000000c6800000|100%| E|CS|TAMS 0x00000000c6700000, 0x00000000c6700000| Complete 
|  76|0x00000000c6800000, 0x00000000c6900000, 0x00000000c6900000|100%| E|CS|TAMS 0x00000000c6800000, 0x00000000c6800000| Complete 

Card table byte_map: [0x0000021941970000,0x0000021941b70000] _byte_map_base: 0x0000021941362000

Marking Bits (Prev, Next): (CMBitMap*) 0x00000219285681d0, (CMBitMap*) 0x0000021928568198
 Prev Bits: [0x0000021942d00000, 0x0000021943c90000)
 Next Bits: [0x0000021941d70000, 0x0000021942d00000)

Polling page: 0x0000021928610000

Metaspace:

Usage:
  Non-class:     27.18 MB capacity,    26.73 MB ( 98%) used,   371.10 KB (  1%) free+waste,    89.69 KB ( <1%) overhead. 
      Class:      3.68 MB capacity,     3.39 MB ( 92%) used,   259.95 KB (  7%) free+waste,    42.69 KB (  1%) overhead. 
       Both:     30.86 MB capacity,    30.12 MB ( 98%) used,   631.05 KB (  2%) free+waste,   132.38 KB ( <1%) overhead. 

Virtual space:
  Non-class space:       28.00 MB reserved,      27.25 MB ( 97%) committed 
      Class space:        1.00 GB reserved,       3.75 MB ( <1%) committed 
             Both:        1.03 GB reserved,      31.00 MB (  3%) committed 

Chunk freelists:
   Non-Class:  1.00 KB
       Class:  384 bytes
        Both:  1.38 KB

CodeHeap 'non-profiled nmethods': size=120064Kb used=1192Kb max_used=1192Kb free=118871Kb
 bounds [0x0000021939c10000, 0x0000021939e80000, 0x0000021941150000]
CodeHeap 'profiled nmethods': size=120000Kb used=5904Kb max_used=5904Kb free=114096Kb
 bounds [0x00000219326e0000, 0x0000021932cb0000, 0x0000021939c10000]
CodeHeap 'non-nmethods': size=5696Kb used=1138Kb max_used=1172Kb free=4557Kb
 bounds [0x0000021932150000, 0x00000219323c0000, 0x00000219326e0000]
 total_blobs=3196 nmethods=2738 adapters=368
 compilation: enabled
              stopped_count=0, restarted_count=0
 full_count=0

Compilation events (10 events):
Event: 4.283 Thread 0x00000219462b4800 nmethod 2901 0x0000021932c92010 code [0x0000021932c921c0, 0x0000021932c923f0]
Event: 4.283 Thread 0x00000219462b4800 2904       3       org.springframework.core.annotation.MergedAnnotationCollectors::toMultiValueMap (42 bytes)
Event: 4.284 Thread 0x00000219462b4800 nmethod 2904 0x0000021932c92490 code [0x0000021932c92700, 0x0000021932c931d0]
Event: 4.284 Thread 0x00000219462b4800 2902       3       java.lang.ProcessEnvironment$CheckedKeySet::size (10 bytes)
Event: 4.284 Thread 0x00000219462b4800 nmethod 2902 0x0000021932c93510 code [0x0000021932c936c0, 0x0000021932c938f0]
Event: 4.284 Thread 0x00000219462b4800 2903       3       java.lang.ProcessEnvironment$CheckedKeySet::iterator (10 bytes)
Event: 4.284 Thread 0x00000219462b4800 nmethod 2903 0x0000021932c93990 code [0x0000021932c93b40, 0x0000021932c93d70]
Event: 4.288 Thread 0x00000219462b4800 2905       3       org.springframework.beans.factory.support.AbstractBeanDefinition::hasConstructorArgumentValues (23 bytes)
Event: 4.288 Thread 0x00000219462b4800 nmethod 2905 0x0000021932c93e10 code [0x0000021932c93fe0, 0x0000021932c94460]
Event: 4.291 Thread 0x00000219462b4800 2906       3       org.springframework.core.annotation.AnnotationAttributes::assertNotException (44 bytes)

GC Heap History (10 events):
Event: 2.241 GC heap before
{Heap before GC invocations=2 (full 0):
 garbage-first heap   total 65536K, used 29660K [0x00000000c1c00000, 0x0000000100000000)
  region size 1024K, 25 young (25600K), 1 survivors (1024K)
 Metaspace       used 17577K, capacity 18027K, committed 18304K, reserved 1064960K
  class space    used 1918K, capacity 2116K, committed 2176K, reserved 1048576K
}
Event: 2.246 GC heap after
{Heap after GC invocations=3 (full 0):
 garbage-first heap   total 65536K, used 7518K [0x00000000c1c00000, 0x0000000100000000)
  region size 1024K, 3 young (3072K), 3 survivors (3072K)
 Metaspace       used 17577K, capacity 18027K, committed 18304K, reserved 1064960K
  class space    used 1918K, capacity 2116K, committed 2176K, reserved 1048576K
}
Event: 2.536 GC heap before
{Heap before GC invocations=3 (full 0):
 garbage-first heap   total 65536K, used 22878K [0x00000000c1c00000, 0x0000000100000000)
  region size 1024K, 19 young (19456K), 3 survivors (3072K)
 Metaspace       used 20682K, capacity 21117K, committed 21248K, reserved 1069056K
  class space    used 2257K, capacity 2442K, committed 2560K, reserved 1048576K
}
Event: 2.540 GC heap after
{Heap after GC invocations=4 (full 0):
 garbage-first heap   total 65536K, used 8065K [0x00000000c1c00000, 0x0000000100000000)
  region size 1024K, 2 young (2048K), 2 survivors (2048K)
 Metaspace       used 20682K, capacity 21117K, committed 21248K, reserved 1069056K
  class space    used 2257K, capacity 2442K, committed 2560K, reserved 1048576K
}
Event: 3.063 GC heap before
{Heap before GC invocations=5 (full 0):
 garbage-first heap   total 65536K, used 36737K [0x00000000c1c00000, 0x0000000100000000)
  region size 1024K, 31 young (31744K), 2 survivors (2048K)
 Metaspace       used 23734K, capacity 24264K, committed 24448K, reserved 1071104K
  class space    used 2674K, capacity 2894K, committed 2944K, reserved 1048576K
}
Event: 3.070 GC heap after
{Heap after GC invocations=6 (full 0):
 garbage-first heap   total 65536K, used 8985K [0x00000000c1c00000, 0x0000000100000000)
  region size 1024K, 3 young (3072K), 3 survivors (3072K)
 Metaspace       used 23734K, capacity 24264K, committed 24448K, reserved 1071104K
  class space    used 2674K, capacity 2894K, committed 2944K, reserved 1048576K
}
Event: 3.202 GC heap before
{Heap before GC invocations=6 (full 0):
 garbage-first heap   total 65536K, used 39705K [0x00000000c1c00000, 0x0000000100000000)
  region size 1024K, 34 young (34816K), 3 survivors (3072K)
 Metaspace       used 24431K, capacity 25001K, committed 25344K, reserved 1071104K
  class space    used 2742K, capacity 2968K, committed 3072K, reserved 1048576K
}
Event: 3.208 GC heap after
{Heap after GC invocations=7 (full 0):
 garbage-first heap   total 65536K, used 9395K [0x00000000c1c00000, 0x0000000100000000)
  region size 1024K, 2 young (2048K), 2 survivors (2048K)
 Metaspace       used 24431K, capacity 25001K, committed 25344K, reserved 1071104K
  class space    used 2742K, capacity 2968K, committed 3072K, reserved 1048576K
}
Event: 4.271 GC heap before
{Heap before GC invocations=7 (full 0):
 garbage-first heap   total 65536K, used 45235K [0x00000000c1c00000, 0x0000000100000000)
  region size 1024K, 37 young (37888K), 2 survivors (2048K)
 Metaspace       used 30382K, capacity 31054K, committed 31104K, reserved 1077248K
  class space    used 3413K, capacity 3696K, committed 3712K, reserved 1048576K
}
Event: 4.282 GC heap after
{Heap after GC invocations=8 (full 0):
 garbage-first heap   total 78848K, used 10687K [0x00000000c1c00000, 0x0000000100000000)
  region size 1024K, 4 young (4096K), 4 survivors (4096K)
 Metaspace       used 30382K, capacity 31054K, committed 31104K, reserved 1077248K
  class space    used 3413K, capacity 3696K, committed 3712K, reserved 1048576K
}

Deoptimization events (10 events):
Event: 3.741 Thread 0x0000021928539000 Uncommon trap: reason=unstable_if action=reinterpret pc=0x0000021939cd0aa0 method=java.util.Properties$LineReader.readLine()I @ 117 c2
Event: 3.741 Thread 0x0000021928539000 Uncommon trap: reason=unstable_if action=reinterpret pc=0x0000021939cd7820 method=java.util.Properties.loadConvert([CIILjava/lang/StringBuilder;)Ljava/lang/String; @ 26 c2
Event: 3.741 Thread 0x0000021928539000 Uncommon trap: reason=unstable_if action=reinterpret pc=0x0000021939cc5f88 method=java.util.Properties.loadConvert([CIILjava/lang/StringBuilder;)Ljava/lang/String; @ 26 c2
Event: 3.742 Thread 0x0000021928539000 Uncommon trap: reason=unstable_if action=reinterpret pc=0x0000021939c6b544 method=java.nio.Buffer.position(I)Ljava/nio/Buffer; @ 45 c2
Event: 3.950 Thread 0x0000021928539000 Uncommon trap: reason=class_check action=maybe_recompile pc=0x0000021939c355e4 method=java.lang.String.equals(Ljava/lang/Object;)Z @ 8 c2
Event: 3.950 Thread 0x0000021928539000 Uncommon trap: reason=class_check action=maybe_recompile pc=0x0000021939c355e4 method=java.lang.String.equals(Ljava/lang/Object;)Z @ 8 c2
Event: 3.950 Thread 0x0000021928539000 Uncommon trap: reason=class_check action=maybe_recompile pc=0x0000021939c355e4 method=java.lang.String.equals(Ljava/lang/Object;)Z @ 8 c2
Event: 3.951 Thread 0x0000021928539000 Uncommon trap: reason=class_check action=maybe_recompile pc=0x0000021939c355e4 method=java.lang.String.equals(Ljava/lang/Object;)Z @ 8 c2
Event: 4.092 Thread 0x0000021928539000 Uncommon trap: reason=intrinsic_or_type_checked_inlining action=make_not_entrant pc=0x0000021939d29378 method=java.util.Arrays.copyOf([Ljava/lang/Object;ILjava/lang/Class;)[Ljava/lang/Object; @ 35 c2
Event: 4.117 Thread 0x0000021928539000 Uncommon trap: reason=unstable_if action=reinterpret pc=0x0000021939c8f71c method=java.util.Arrays.equals([Ljava/lang/Object;[Ljava/lang/Object;)Z @ 44 c2

Classes redefined (0 events):
No events

Internal exceptions (10 events):
Event: 2.884 Thread 0x0000021947d23000 Exception <a 'java/lang/NoSuchMethodError'{0x00000000c4e367c0}: java.lang.invoke.DirectMethodHandle$Holder.invokeSpecial(Ljava/lang/Object;Ljava/lang/Object;)J> (0x00000000c4e367c0) thrown at [./open/src/hotspot/share/interpreter/linkResolver.cpp, line 77
Event: 2.890 Thread 0x0000021947d23000 Exception <a 'java/lang/NoSuchMethodError'{0x00000000c4e410c0}: java.lang.invoke.DirectMethodHandle$Holder.invokeStatic(Ljava/lang/Object;Ljava/lang/Object;)J> (0x00000000c4e410c0) thrown at [./open/src/hotspot/share/interpreter/linkResolver.cpp, line 772
Event: 2.891 Thread 0x0000021947d23000 Exception <a 'java/lang/NoSuchMethodError'{0x00000000c4e43ee8}: java.lang.invoke.DirectMethodHandle$Holder.invokeStaticInit(Ljava/lang/Object;Ljava/lang/Object;)J> (0x00000000c4e43ee8) thrown at [./open/src/hotspot/share/interpreter/linkResolver.cpp, line
Event: 2.893 Thread 0x0000021947d23000 Exception <a 'java/lang/NoSuchMethodError'{0x00000000c4e503a8}: java.lang.invoke.DirectMethodHandle$Holder.invokeInterface(Ljava/lang/Object;Ljava/lang/Object;)J> (0x00000000c4e503a8) thrown at [./open/src/hotspot/share/interpreter/linkResolver.cpp, line 
Event: 2.894 Thread 0x0000021947d23000 Exception <a 'java/lang/IncompatibleClassChangeError'{0x00000000c4e53140}: Found class java.lang.Object, but interface was expected> (0x00000000c4e53140) thrown at [./open/src/hotspot/share/interpreter/linkResolver.cpp, line 838]
Event: 2.918 Thread 0x0000021947d23000 Exception <a 'java/lang/NoSuchMethodError'{0x00000000c4d8e480}: java.lang.invoke.DirectMethodHandle$Holder.invokeVirtual(Ljava/lang/Object;Ljava/lang/Object;Ljava/lang/Object;Ljava/lang/Object;)Ljava/lang/Object;> (0x00000000c4d8e480) thrown at [./open/sr
Event: 3.156 Thread 0x0000021928539000 Exception <a 'java/lang/IncompatibleClassChangeError'{0x00000000c3e5aff8}: Found class java.lang.Object, but interface was expected> (0x00000000c3e5aff8) thrown at [./open/src/hotspot/share/interpreter/linkResolver.cpp, line 838]
Event: 3.215 Thread 0x0000021928539000 Exception <a 'java/lang/NoSuchMethodError'{0x00000000c5b31940}: java.lang.invoke.DirectMethodHandle$Holder.invokeInterface(Ljava/lang/Object;Ljava/lang/Object;Ljava/lang/Object;Ljava/lang/Object;)V> (0x00000000c5b31940) thrown at [./open/src/hotspot/share
Event: 3.349 Thread 0x0000021928539000 Exception <a 'java/lang/NoSuchMethodError'{0x00000000c5533d70}: java.lang.invoke.DelegatingMethodHandle$Holder.delegate(Ljava/lang/Object;Ljava/lang/Object;ILjava/lang/Object;)V> (0x00000000c5533d70) thrown at [./open/src/hotspot/share/interpreter/linkRes
Event: 3.739 Thread 0x0000021928539000 Exception <a 'java/lang/ClassNotFoundException'{0x00000000c497c258}: com/sun/org/apache/xerces/internal/impl/xpath/regex/spi/messageProvider> (0x00000000c497c258) thrown at [./open/src/hotspot/share/classfile/systemDictionary.cpp, line 228]

Events (10 events):
Event: 4.282 Executing VM operation: RevokeBias
Event: 4.282 Executing VM operation: RevokeBias done
Event: 4.283 loading class org/springframework/boot/sql/init/AbstractScriptDatabaseInitializer
Event: 4.283 loading class org/springframework/boot/sql/init/AbstractScriptDatabaseInitializer done
Event: 4.285 loading class org/springframework/jdbc/core/namedparam/NamedParameterJdbcTemplate
Event: 4.285 loading class org/springframework/jdbc/core/namedparam/NamedParameterJdbcTemplate done
Event: 4.287 loading class org/springframework/boot/autoconfigure/jdbc/JdbcTemplateAutoConfiguration
Event: 4.287 loading class org/springframework/boot/autoconfigure/jdbc/JdbcTemplateAutoConfiguration done
Event: 4.291 loading class org/springframework/boot/autoconfigure/r2dbc/R2dbcAutoConfiguration
Event: 4.291 loading class org/springframework/boot/autoconfigure/r2dbc/R2dbcAutoConfiguration done


Dynamic libraries:
0x00007ff79e6b0000 - 0x00007ff79e6bf000 	C:\Program Files\Java\jdk-11.0.8\bin\javaw.exe
0x00007ffe7a150000 - 0x00007ffe7a345000 	C:\WINDOWS\SYSTEM32\ntdll.dll
0x00007ffe6a600000 - 0x00007ffe6a613000 	C:\Program Files (x86)\AVG\Antivirus\aswhook.dll
0x00007ffe796a0000 - 0x00007ffe7975d000 	C:\WINDOWS\System32\KERNEL32.DLL
0x00007ffe77e40000 - 0x00007ffe78108000 	C:\WINDOWS\System32\KERNELBASE.dll
0x00007ffe77920000 - 0x00007ffe77a20000 	C:\WINDOWS\System32\ucrtbase.dll
0x00007ffe6ac70000 - 0x00007ffe6ac85000 	C:\Program Files\Java\jdk-11.0.8\bin\VCRUNTIME140.dll
0x00007ffe64030000 - 0x00007ffe64048000 	C:\Program Files\Java\jdk-11.0.8\bin\jli.dll
0x00007ffe79400000 - 0x00007ffe794ac000 	C:\WINDOWS\System32\ADVAPI32.dll
0x00007ffe79ad0000 - 0x00007ffe79b6e000 	C:\WINDOWS\System32\msvcrt.dll
0x00007ffe799c0000 - 0x00007ffe79a5b000 	C:\WINDOWS\System32\sechost.dll
0x00007ffe792d0000 - 0x00007ffe793fb000 	C:\WINDOWS\System32\RPCRT4.dll
0x00007ffe78960000 - 0x00007ffe78b00000 	C:\WINDOWS\System32\USER32.dll
0x00007ffe77a20000 - 0x00007ffe77a42000 	C:\WINDOWS\System32\win32u.dll
0x00007ffe6a2d0000 - 0x00007ffe6a56a000 	C:\WINDOWS\WinSxS\amd64_microsoft.windows.common-controls_6595b64144ccf1df_6.0.19041.1052_none_60b8f8fd71f5e8cb\COMCTL32.dll
0x00007ffe78930000 - 0x00007ffe7895a000 	C:\WINDOWS\System32\GDI32.dll
0x00007ffe77b30000 - 0x00007ffe77c3b000 	C:\WINDOWS\System32\gdi32full.dll
0x00007ffe77da0000 - 0x00007ffe77e3d000 	C:\WINDOWS\System32\msvcp_win.dll
0x00007ffe70d90000 - 0x00007ffe70d9a000 	C:\WINDOWS\SYSTEM32\VERSION.dll
0x00007ffe781c0000 - 0x00007ffe781f0000 	C:\WINDOWS\System32\IMM32.DLL
0x00007ffe3d4d0000 - 0x00007ffe3d56b000 	C:\Program Files\Java\jdk-11.0.8\bin\msvcp140.dll
0x00007ffe4ae40000 - 0x00007ffe4b926000 	C:\Program Files\Java\jdk-11.0.8\bin\server\jvm.dll
0x00007ffe792c0000 - 0x00007ffe792c8000 	C:\WINDOWS\System32\PSAPI.DLL
0x00007ffe6d030000 - 0x00007ffe6d057000 	C:\WINDOWS\SYSTEM32\WINMM.dll
0x00007ffe6a280000 - 0x00007ffe6a289000 	C:\WINDOWS\SYSTEM32\WSOCK32.dll
0x00007ffe79630000 - 0x00007ffe7969b000 	C:\WINDOWS\System32\WS2_32.dll
0x00007ffe757e0000 - 0x00007ffe757f2000 	C:\WINDOWS\SYSTEM32\kernel.appcore.dll
0x00007ffe4e200000 - 0x00007ffe4e210000 	C:\Program Files\Java\jdk-11.0.8\bin\verify.dll
0x00007ffe6da50000 - 0x00007ffe6dc34000 	C:\WINDOWS\SYSTEM32\DBGHELP.DLL
0x00007ffe70c20000 - 0x00007ffe70c4c000 	C:\WINDOWS\SYSTEM32\dbgcore.DLL
0x00007ffe77890000 - 0x00007ffe77913000 	C:\WINDOWS\System32\bcryptPrimitives.dll
0x00007ffe49a20000 - 0x00007ffe49a48000 	C:\Program Files\Java\jdk-11.0.8\bin\java.dll
0x00007ffe499d0000 - 0x00007ffe499da000 	C:\Program Files\Java\jdk-11.0.8\bin\jimage.dll
0x00007ffe499b0000 - 0x00007ffe499c6000 	C:\Program Files\Java\jdk-11.0.8\bin\zip.dll
0x00007ffe781f0000 - 0x00007ffe7892f000 	C:\WINDOWS\System32\SHELL32.dll
0x00007ffe759e0000 - 0x00007ffe76170000 	C:\WINDOWS\SYSTEM32\windows.storage.dll
0x00007ffe78da0000 - 0x00007ffe790f5000 	C:\WINDOWS\System32\combase.dll
0x00007ffe77230000 - 0x00007ffe7725c000 	C:\WINDOWS\SYSTEM32\Wldp.dll
0x00007ffe79b90000 - 0x00007ffe79c3e000 	C:\WINDOWS\System32\SHCORE.dll
0x00007ffe79c40000 - 0x00007ffe79c95000 	C:\WINDOWS\System32\shlwapi.dll
0x00007ffe777d0000 - 0x00007ffe777ef000 	C:\WINDOWS\SYSTEM32\profapi.dll
0x00007ffe474f0000 - 0x00007ffe47509000 	C:\Program Files\Java\jdk-11.0.8\bin\net.dll
0x00007ffe6d260000 - 0x00007ffe6d36b000 	C:\WINDOWS\SYSTEM32\WINHTTP.dll
0x00007ffe76fa0000 - 0x00007ffe7700a000 	C:\WINDOWS\system32\mswsock.dll
0x00007ffe474a0000 - 0x00007ffe474b2000 	C:\Program Files\Java\jdk-11.0.8\bin\nio.dll
0x00007ffe44190000 - 0x00007ffe44199000 	C:\Program Files\Java\jdk-11.0.8\bin\management.dll
0x00007ffe432a0000 - 0x00007ffe432ab000 	C:\Program Files\Java\jdk-11.0.8\bin\management_ext.dll
0x00007ffe5e000000 - 0x00007ffe5e017000 	C:\WINDOWS\system32\napinsp.dll
0x00007ffe5dfe0000 - 0x00007ffe5dffb000 	C:\WINDOWS\system32\pnrpnsp.dll
0x00007ffe681d0000 - 0x00007ffe681e5000 	C:\WINDOWS\system32\wshbth.dll
0x00007ffe73340000 - 0x00007ffe7335d000 	C:\WINDOWS\system32\NLAapi.dll
0x00007ffe76c90000 - 0x00007ffe76ccb000 	C:\WINDOWS\SYSTEM32\IPHLPAPI.DLL
0x00007ffe76cd0000 - 0x00007ffe76d9c000 	C:\WINDOWS\SYSTEM32\DNSAPI.dll
0x00007ffe78b00000 - 0x00007ffe78b08000 	C:\WINDOWS\System32\NSI.dll
0x00007ffe5dfc0000 - 0x00007ffe5dfd2000 	C:\WINDOWS\System32\winrnr.dll
0x00007ffe6d210000 - 0x00007ffe6d21a000 	C:\Windows\System32\rasadhlp.dll
0x00007ffe6d110000 - 0x00007ffe6d18f000 	C:\WINDOWS\System32\fwpuclnt.dll
0x00007ffe77b00000 - 0x00007ffe77b27000 	C:\WINDOWS\System32\bcrypt.dll

dbghelp: loaded successfully - version: 4.0.5 - missing functions: none
symbol engine: initialized successfully - sym options: 0x614 - pdb path: .;C:\Program Files\Java\jdk-11.0.8\bin;C:\WINDOWS\SYSTEM32;C:\Program Files (x86)\AVG\Antivirus;C:\WINDOWS\WinSxS\amd64_microsoft.windows.common-controls_6595b64144ccf1df_6.0.19041.1052_none_60b8f8fd71f5e8cb;C:\Program Files\Java\jdk-11.0.8\bin\server

VM Arguments:
jvm_args: -Dfile.encoding=UTF-8 
java_command: fr.epita.movies.MoviesApplication
java_class_path (initial): C:\LIEN\Java\movie_java\movie_java_repo\movies-adv-java-web-lienkt\target\classes;C:\LIEN\Java\movie_java\movie_java_repo\movies-adv-java-lienkt\target\classes;C:\Users\ThienNhan\.m2\repository\org\springframework\spring-core\5.3.8\spring-core-5.3.8.jar;C:\Users\ThienNhan\.m2\repository\org\springframework\spring-jcl\5.3.8\spring-jcl-5.3.8.jar;C:\Users\ThienNhan\.m2\repository\org\springframework\spring-test\5.3.8\spring-test-5.3.8.jar;C:\Users\ThienNhan\.m2\repository\org\springframework\spring-jdbc\5.3.8\spring-jdbc-5.3.8.jar;C:\Users\ThienNhan\.m2\repository\org\springframework\spring-beans\5.3.8\spring-beans-5.3.8.jar;C:\Users\ThienNhan\.m2\repository\org\springframework\spring-tx\5.3.8\spring-tx-5.3.8.jar;C:\Users\ThienNhan\.m2\repository\org\springframework\spring-context\5.3.8\spring-context-5.3.8.jar;C:\Users\ThienNhan\.m2\repository\org\springframework\spring-aop\5.3.8\spring-aop-5.3.8.jar;C:\Users\ThienNhan\.m2\repository\org\springframework\spring-expression\5.3.8\spring-expression-5.3.8.jar;C:\Users\ThienNhan\.m2\repository\org\springframework\spring-orm\5.3.8\spring-orm-5.3.8.jar;C:\Users\ThienNhan\.m2\repository\javax\inject\javax.inject\1\javax.inject-1.jar;C:\Users\ThienNhan\.m2\repository\org\postgresql\postgresql\42.2.20\postgresql-42.2.20.jar;C:\Users\ThienNhan\.m2\repository\org\checkerframework\checker-qual\3.5.0\checker-qual-3.5.0.jar;C:\Users\ThienNhan\.m2\repository\org\hibernate\hibernate-core\5.4.32.Final\hibernate-core-5.4.32.Final.jar;C:\Users\ThienNhan\.m2\repository\org\jboss\logging\jboss-logging\3.4.2.Final\jboss-logging-3.4.2.Final.jar;C:\Users\ThienNhan\.m2\repository\javax\persistence\javax.persistence-api\2.2\javax.persistence-api-2.2.jar;C:\Users\ThienNhan\.m2\repository\org\javassist\javassist\3.27.0-GA\javassist-3.27.0-GA.jar;C:\Users\ThienNhan\.m2\repository\net\bytebuddy\byte-buddy\1.10.22\byte-buddy-1.10.22.jar;C:\Users\ThienNhan\.m2\repository\antlr\antlr\2.7.7\antlr-2.7.7.jar;C:\Users\ThienNhan
Launcher Type: SUN_STANDARD

[Global flags]
     intx CICompilerCount                          = 3                                         {product} {ergonomic}
     uint ConcGCThreads                            = 1                                         {product} {ergonomic}
     uint G1ConcRefinementThreads                  = 4                                         {product} {ergonomic}
   size_t G1HeapRegionSize                         = 1048576                                   {product} {ergonomic}
    uintx GCDrainStackTargetSize                   = 64                                        {product} {ergonomic}
   size_t InitialHeapSize                          = 67108864                                  {product} {ergonomic}
   size_t MarkStackSize                            = 4194304                                   {product} {ergonomic}
   size_t MaxHeapSize                              = 1044381696                                {product} {ergonomic}
   size_t MaxNewSize                               = 625999872                                 {product} {ergonomic}
   size_t MinHeapDeltaBytes                        = 1048576                                   {product} {ergonomic}
    uintx NonNMethodCodeHeapSize                   = 5830732                                {pd product} {ergonomic}
    uintx NonProfiledCodeHeapSize                  = 122913754                              {pd product} {ergonomic}
    uintx ProfiledCodeHeapSize                     = 122913754                              {pd product} {ergonomic}
    uintx ReservedCodeCacheSize                    = 251658240                              {pd product} {ergonomic}
     bool SegmentedCodeCache                       = true                                      {product} {ergonomic}
     bool UseCompressedClassPointers               = true                                 {lp64_product} {ergonomic}
     bool UseCompressedOops                        = true                                 {lp64_product} {ergonomic}
     bool UseG1GC                                  = true                                      {product} {ergonomic}
     bool UseLargePagesIndividualAllocation        = false                                  {pd product} {ergonomic}

Logging:
Log output configuration:
 #0: stdout all=warning uptime,level,tags
 #1: stderr all=off uptime,level,tags

Environment Variables:
JAVA_HOME=C:\Program Files\Java\jdk-11.0.8
PATH=C:/Program Files/Java/jdk-11.0.8/bin/server;C:/Program Files/Java/jdk-11.0.8/bin;C:\Program Files (x86)\Intel\iCLS Client\;C:\Program Files\Intel\iCLS Client\;C:\WINDOWS\system32;C:\WINDOWS;C:\WINDOWS\System32\Wbem;C:\WINDOWS\System32\WindowsPowerShell\v1.0\;C:\Program Files\Intel\IntelSGXPSW\bin\x64\Release\;C:\Program Files\Intel\IntelSGXPSW\bin\win32\Release\;C:\Program Files\Hewlett-Packard\SimplePass\;C:\Program Files (x86)\Intel\Intel(R) Management Engine Components\DAL;C:\Program Files\Intel\Intel(R) Management Engine Components\DAL;C:\Program Files (x86)\Intel\Intel(R) Management Engine Components\IPT;C:\Program Files\Intel\Intel(R) Management Engine Components\IPT;C:\Program Files\Intel\WiFi\bin\;C:\Program Files\Common Files\Intel\WirelessCommon\;C:\WINDOWS\System32\OpenSSH\;C:\Program Files\Java\jdk-11.0.8\bin\;C:\Program Files\dotnet\;C:\ProgramData\chocolatey\bin;C:\Program Files\Git\cmd;C:\Program Files (x86)\mingw-w64\i686-8.1.0-posix-dwarf-rt_v6-rev0\mingw32\bin;C:\Program Files\nodejs\;C:\Windows\Microsoft.NET\Framework\v4.0.30319;C:\Users\ThienNhan\AppData\Local\Microsoft\WindowsApps;;C:\Users\ThienNhan\AppData\Local\Programs\Microsoft VS Code\bin;C:\Users\ThienNhan\.dotnet\tools;C:\Users\ThienNhan\AppData\Roaming\npm;C:\Users\ThienNhan\Downloads\eclipse;
USERNAME=ThienNhan
OS=Windows_NT
PROCESSOR_IDENTIFIER=Intel64 Family 6 Model 78 Stepping 3, GenuineIntel



---------------  S Y S T E M  ---------------

OS: Windows 10 , 64 bit Build 19041 (10.0.19041.1023)

CPU:total 4 (initial active 4) (2 cores per cpu, 2 threads per core) family 6 model 78 stepping 3, cmov, cx8, fxsr, mmx, sse, sse2, sse3, ssse3, sse4.1, sse4.2, popcnt, avx, avx2, aes, clmul, erms, 3dnowpref, lzcnt, ht, tsc, tscinvbit, bmi1, bmi2, adx, fma

Memory: 4k page, system-wide physical 3978M (409M free)
TotalPageFile size 7978M (AvailPageFile size 5M)
current process WorkingSet (physical memory assigned to process): 147M, peak: 147M
current process commit charge ("private bytes"): 205M, peak: 206M

vm_info: Java HotSpot(TM) 64-Bit Server VM (11.0.8+10-LTS) for windows-amd64 JRE (11.0.8+10-LTS), built on Jun 16 2020 05:53:08 by "mach5one" with unknown MS VC++:1916

END.
