#
# There is insufficient memory for the Java Runtime Environment to continue.
# Native memory allocation (malloc) failed to allocate 1048576 bytes for AllocateHeap
# Possible reasons:
#   The system is out of physical RAM or swap space
#   The process is running with CompressedOops enabled, and the Java Heap may be blocking the growth of the native heap
# Possible solutions:
#   Reduce memory load on the system
#   Increase physical memory or swap space
#   Check if swap backing store is full
#   Decrease Java heap size (-Xmx/-Xms)
#   Decrease number of Java threads
#   Decrease Java thread stack sizes (-Xss)
#   Set larger code cache with -XX:ReservedCodeCacheSize=
#   JVM is running with Unscaled Compressed Oops mode in which the Java heap is
#     placed in the first 4GB address space. The Java Heap base address is the
#     maximum limit for the native heap growth. Please use -XX:HeapBaseMinAddress
#     to set the Java Heap base and to place the Java Heap above 4GB virtual address.
# This output file may be truncated or incomplete.
#
#  Out of Memory Error (./open/src/hotspot/share/memory/allocation.cpp:46), pid=14344, tid=3308
#
# JRE version: Java(TM) SE Runtime Environment 18.9 (11.0.8+10) (build 11.0.8+10-LTS)
# Java VM: Java HotSpot(TM) 64-Bit Server VM 18.9 (11.0.8+10-LTS, mixed mode, tiered, compressed oops, g1 gc, windows-amd64)
# No core dump will be written. Minidumps are not enabled by default on client versions of Windows
#

---------------  S U M M A R Y ------------

Command Line: C:\Users\THIENN~1\AppData\Local\Temp\surefire12278808085039729510\surefirebooter6697445756487042026.jar C:\Users\ThienNhan\AppData\Local\Temp\surefire12278808085039729510 2021-07-06T10-27-57_534-jvmRun1 surefire3316726623557848908tmp surefire_013721267726231134153tmp

Host: Intel(R) Core(TM) i5-6200U CPU @ 2.30GHz, 4 cores, 3G,  Windows 10 , 64 bit Build 19041 (10.0.19041.1023)
Time: Tue Jul  6 10:27:59 2021 Romance Daylight Time elapsed time: 0 seconds (0d 0h 0m 0s)

---------------  T H R E A D  ---------------

Current thread (0x00000269e672f000):  VMThread "VM Thread" [stack: 0x000000e06c200000,0x000000e06c300000] [id=3308]

Stack: [0x000000e06c200000,0x000000e06c300000]
[error occurred during error reporting (printing stack bounds), id 0xc0000005, EXCEPTION_ACCESS_VIOLATION (0xc0000005) at pc=0x00000269d1e30dad]

Native frames: (J=compiled Java code, j=interpreted, Vv=VM code, C=native code)
V  [jvm.dll+0x601aea]
V  [jvm.dll+0x737fef]
V  [jvm.dll+0x739675]
V  [jvm.dll+0x739c55]
V  [jvm.dll+0x739c0b]
V  [jvm.dll+0x6013d3]
V  [jvm.dll+0x601798]
C  [ntdll.dll+0xa217f]
C  [ntdll.dll+0x51454]
C  [ntdll.dll+0xa0cae]
C  0x00000269d1e30dad

VM_Operation (0x000000e06bcfad60): CollectForMetadataAllocation, mode: safepoint, requested by thread 0x00000269c822d000


---------------  P R O C E S S  ---------------

Threads class SMR info:
_java_thread_list=0x00000269e6ef10a0, length=11, elements={
0x00000269c822d000, 0x00000269e6734800, 0x00000269e675e800, 0x00000269e67c3800,
0x00000269e67c4800, 0x00000269e67c6800, 0x00000269e67c8000, 0x00000269e6d2d800,
0x00000269e6e47000, 0x00000269e6e4e000, 0x00000269e6f62000
}

Java Threads: ( => current thread )
  0x00000269c822d000 JavaThread "main" [_thread_blocked, id=4624, stack(0x000000e06bc00000,0x000000e06bd00000)]
  0x00000269e6734800 JavaThread "Reference Handler" daemon [_thread_blocked, id=7156, stack(0x000000e06c300000,0x000000e06c400000)]
  0x00000269e675e800 JavaThread "Finalizer" daemon [_thread_blocked, id=2880, stack(0x000000e06c400000,0x000000e06c500000)]
  0x00000269e67c3800 JavaThread "Signal Dispatcher" daemon [_thread_blocked, id=12508, stack(0x000000e06c500000,0x000000e06c600000)]
  0x00000269e67c4800 JavaThread "Attach Listener" daemon [_thread_blocked, id=2752, stack(0x000000e06c600000,0x000000e06c700000)]
  0x00000269e67c6800 JavaThread "C2 CompilerThread0" daemon [_thread_blocked, id=12000, stack(0x000000e06c700000,0x000000e06c800000)]
  0x00000269e67c8000 JavaThread "C1 CompilerThread0" daemon [_thread_blocked, id=6476, stack(0x000000e06c800000,0x000000e06c900000)]
  0x00000269e6d2d800 JavaThread "Sweeper thread" daemon [_thread_blocked, id=9748, stack(0x000000e06c900000,0x000000e06ca00000)]
  0x00000269e6e47000 JavaThread "Service Thread" daemon [_thread_blocked, id=4100, stack(0x000000e06ca00000,0x000000e06cb00000)]
  0x00000269e6e4e000 JavaThread "Common-Cleaner" daemon [_thread_blocked, id=1240, stack(0x000000e06cc00000,0x000000e06cd00000)]
  0x00000269e6f62000 JavaThread "surefire-forkedjvm-command-thread" daemon [_thread_in_native, id=4388, stack(0x000000e06cd00000,0x000000e06ce00000)]

Other Threads:
=>0x00000269e672f000 VMThread "VM Thread" [stack: 0x000000e06c200000,0x000000e06c300000] [id=3308]
  0x00000269e6e4c800 WatcherThread [stack: 0x000000e06cb00000,0x000000e06cc00000] [id=14640]
  0x00000269c8243800 GCTaskThread "GC Thread#0" [stack: 0x000000e06bd00000,0x000000e06be00000] [id=2468]
  0x00000269e6f63000 GCTaskThread "GC Thread#1" [stack: 0x000000e06ce00000,0x000000e06cf00000] [id=13460]
  0x00000269c825d800 ConcurrentGCThread "G1 Main Marker" [stack: 0x000000e06be00000,0x000000e06bf00000] [id=11860]
  0x00000269c8260000 ConcurrentGCThread "G1 Conc#0" [stack: 0x000000e06bf00000,0x000000e06c000000] [id=11404]
  0x00000269c82b7000 ConcurrentGCThread "G1 Refine#0" [stack: 0x000000e06c000000,0x000000e06c100000] [id=3768]
  0x00000269c82b8000 ConcurrentGCThread "G1 Young RemSet Sampling" [stack: 0x000000e06c100000,0x000000e06c200000] [id=13248]

Threads with active compile tasks:

VM state:at safepoint (normal execution)

VM Mutex/Monitor currently owned by a thread:  ([mutex/lock_event])
[0x00000269c822adb0] Threads_lock - owner thread: 0x00000269e672f000
[0x00000269c8229bb0] Heap_lock - owner thread: 0x00000269c822d000

Heap address: 0x00000000c1c00000, size: 996 MB, Compressed Oops mode: 32-bit
Narrow klass base: 0x0000000000000000, Narrow klass shift: 3
Compressed class space size: 1073741824 Address: 0x0000000100000000

Heap:
 garbage-first heap   total 65536K, used 929K [0x00000000c1c00000, 0x0000000100000000)
  region size 1024K, 1 young (1024K), 1 survivors (1024K)
 Metaspace       used 6351K, capacity 6452K, committed 6528K, reserved 1097728K
  class space    used 555K, capacity 601K, committed 640K, reserved 1048576K
Heap Regions: E=young(eden), S=young(survivor), O=old, HS=humongous(starts), HC=humongous(continues), CS=collection set, F=free, A=archive, TAMS=top-at-mark-start (previous, next)
|   0|0x00000000c1c00000, 0x00000000c1c00000, 0x00000000c1d00000|  0%| F|  |TAMS 0x00000000c1c00000, 0x00000000c1c00000| Untracked 
|   1|0x00000000c1d00000, 0x00000000c1d00000, 0x00000000c1e00000|  0%| F|  |TAMS 0x00000000c1d00000, 0x00000000c1d00000| Untracked 
|   2|0x00000000c1e00000, 0x00000000c1e00000, 0x00000000c1f00000|  0%| F|  |TAMS 0x00000000c1e00000, 0x00000000c1e00000| Untracked 
|   3|0x00000000c1f00000, 0x00000000c1f00000, 0x00000000c2000000|  0%| F|  |TAMS 0x00000000c1f00000, 0x00000000c1f00000| Untracked 
|   4|0x00000000c2000000, 0x00000000c2000000, 0x00000000c2100000|  0%| F|  |TAMS 0x00000000c2000000, 0x00000000c2000000| Untracked 
|   5|0x00000000c2100000, 0x00000000c2100000, 0x00000000c2200000|  0%| F|  |TAMS 0x00000000c2100000, 0x00000000c2100000| Untracked 
|   6|0x00000000c2200000, 0x00000000c2200000, 0x00000000c2300000|  0%| F|  |TAMS 0x00000000c2200000, 0x00000000c2200000| Untracked 
|   7|0x00000000c2300000, 0x00000000c2300000, 0x00000000c2400000|  0%| F|  |TAMS 0x00000000c2300000, 0x00000000c2300000| Untracked 
|   8|0x00000000c2400000, 0x00000000c2400000, 0x00000000c2500000|  0%| F|  |TAMS 0x00000000c2400000, 0x00000000c2400000| Untracked 
|   9|0x00000000c2500000, 0x00000000c2500000, 0x00000000c2600000|  0%| F|  |TAMS 0x00000000c2500000, 0x00000000c2500000| Untracked 
|  10|0x00000000c2600000, 0x00000000c2600000, 0x00000000c2700000|  0%| F|  |TAMS 0x00000000c2600000, 0x00000000c2600000| Untracked 
|  11|0x00000000c2700000, 0x00000000c2700000, 0x00000000c2800000|  0%| F|  |TAMS 0x00000000c2700000, 0x00000000c2700000| Untracked 
|  12|0x00000000c2800000, 0x00000000c2800000, 0x00000000c2900000|  0%| F|  |TAMS 0x00000000c2800000, 0x00000000c2800000| Untracked 
|  13|0x00000000c2900000, 0x00000000c2900000, 0x00000000c2a00000|  0%| F|  |TAMS 0x00000000c2900000, 0x00000000c2900000| Untracked 
|  14|0x00000000c2a00000, 0x00000000c2a00000, 0x00000000c2b00000|  0%| F|  |TAMS 0x00000000c2a00000, 0x00000000c2a00000| Untracked 
|  15|0x00000000c2b00000, 0x00000000c2b00000, 0x00000000c2c00000|  0%| F|  |TAMS 0x00000000c2b00000, 0x00000000c2b00000| Untracked 
|  16|0x00000000c2c00000, 0x00000000c2c00000, 0x00000000c2d00000|  0%| F|  |TAMS 0x00000000c2c00000, 0x00000000c2c00000| Untracked 
|  17|0x00000000c2d00000, 0x00000000c2d00000, 0x00000000c2e00000|  0%| F|  |TAMS 0x00000000c2d00000, 0x00000000c2d00000| Untracked 
|  18|0x00000000c2e00000, 0x00000000c2e00000, 0x00000000c2f00000|  0%| F|  |TAMS 0x00000000c2e00000, 0x00000000c2e00000| Untracked 
|  19|0x00000000c2f00000, 0x00000000c2f00000, 0x00000000c3000000|  0%| F|  |TAMS 0x00000000c2f00000, 0x00000000c2f00000| Untracked 
|  20|0x00000000c3000000, 0x00000000c3000000, 0x00000000c3100000|  0%| F|  |TAMS 0x00000000c3000000, 0x00000000c3000000| Untracked 
|  21|0x00000000c3100000, 0x00000000c3100000, 0x00000000c3200000|  0%| F|  |TAMS 0x00000000c3100000, 0x00000000c3100000| Untracked 
|  22|0x00000000c3200000, 0x00000000c3200000, 0x00000000c3300000|  0%| F|  |TAMS 0x00000000c3200000, 0x00000000c3200000| Untracked 
|  23|0x00000000c3300000, 0x00000000c3300000, 0x00000000c3400000|  0%| F|  |TAMS 0x00000000c3300000, 0x00000000c3300000| Untracked 
|  24|0x00000000c3400000, 0x00000000c3400000, 0x00000000c3500000|  0%| F|  |TAMS 0x00000000c3400000, 0x00000000c3400000| Untracked 
|  25|0x00000000c3500000, 0x00000000c3500000, 0x00000000c3600000|  0%| F|  |TAMS 0x00000000c3500000, 0x00000000c3500000| Untracked 
|  26|0x00000000c3600000, 0x00000000c3600000, 0x00000000c3700000|  0%| F|  |TAMS 0x00000000c3600000, 0x00000000c3600000| Untracked 
|  27|0x00000000c3700000, 0x00000000c3700000, 0x00000000c3800000|  0%| F|  |TAMS 0x00000000c3700000, 0x00000000c3700000| Untracked 
|  28|0x00000000c3800000, 0x00000000c3800000, 0x00000000c3900000|  0%| F|  |TAMS 0x00000000c3800000, 0x00000000c3800000| Untracked 
|  29|0x00000000c3900000, 0x00000000c3900000, 0x00000000c3a00000|  0%| F|  |TAMS 0x00000000c3900000, 0x00000000c3900000| Untracked 
|  30|0x00000000c3a00000, 0x00000000c3a00000, 0x00000000c3b00000|  0%| F|  |TAMS 0x00000000c3a00000, 0x00000000c3a00000| Untracked 
|  31|0x00000000c3b00000, 0x00000000c3b00000, 0x00000000c3c00000|  0%| F|  |TAMS 0x00000000c3b00000, 0x00000000c3b00000| Untracked 
|  32|0x00000000c3c00000, 0x00000000c3c00000, 0x00000000c3d00000|  0%| F|  |TAMS 0x00000000c3c00000, 0x00000000c3c00000| Untracked 
|  33|0x00000000c3d00000, 0x00000000c3d00000, 0x00000000c3e00000|  0%| F|  |TAMS 0x00000000c3d00000, 0x00000000c3d00000| Untracked 
|  34|0x00000000c3e00000, 0x00000000c3e00000, 0x00000000c3f00000|  0%| F|  |TAMS 0x00000000c3e00000, 0x00000000c3e00000| Untracked 
|  35|0x00000000c3f00000, 0x00000000c3f00000, 0x00000000c4000000|  0%| F|  |TAMS 0x00000000c3f00000, 0x00000000c3f00000| Untracked 
|  36|0x00000000c4000000, 0x00000000c4000000, 0x00000000c4100000|  0%| F|  |TAMS 0x00000000c4000000, 0x00000000c4000000| Untracked 
|  37|0x00000000c4100000, 0x00000000c4100000, 0x00000000c4200000|  0%| F|  |TAMS 0x00000000c4100000, 0x00000000c4100000| Untracked 
|  38|0x00000000c4200000, 0x00000000c4200000, 0x00000000c4300000|  0%| F|  |TAMS 0x00000000c4200000, 0x00000000c4200000| Untracked 
|  39|0x00000000c4300000, 0x00000000c4300000, 0x00000000c4400000|  0%| F|  |TAMS 0x00000000c4300000, 0x00000000c4300000| Untracked 
|  40|0x00000000c4400000, 0x00000000c4400000, 0x00000000c4500000|  0%| F|  |TAMS 0x00000000c4400000, 0x00000000c4400000| Untracked 
|  41|0x00000000c4500000, 0x00000000c4500000, 0x00000000c4600000|  0%| F|  |TAMS 0x00000000c4500000, 0x00000000c4500000| Untracked 
|  42|0x00000000c4600000, 0x00000000c4600000, 0x00000000c4700000|  0%| F|  |TAMS 0x00000000c4600000, 0x00000000c4600000| Untracked 
|  43|0x00000000c4700000, 0x00000000c4700000, 0x00000000c4800000|  0%| F|  |TAMS 0x00000000c4700000, 0x00000000c4700000| Untracked 
|  44|0x00000000c4800000, 0x00000000c4800000, 0x00000000c4900000|  0%| F|  |TAMS 0x00000000c4800000, 0x00000000c4800000| Untracked 
|  45|0x00000000c4900000, 0x00000000c4900000, 0x00000000c4a00000|  0%| F|  |TAMS 0x00000000c4900000, 0x00000000c4900000| Untracked 
|  46|0x00000000c4a00000, 0x00000000c4a00000, 0x00000000c4b00000|  0%| F|  |TAMS 0x00000000c4a00000, 0x00000000c4a00000| Untracked 
|  47|0x00000000c4b00000, 0x00000000c4b00000, 0x00000000c4c00000|  0%| F|  |TAMS 0x00000000c4b00000, 0x00000000c4b00000| Untracked 
|  48|0x00000000c4c00000, 0x00000000c4c00000, 0x00000000c4d00000|  0%| F|  |TAMS 0x00000000c4c00000, 0x00000000c4c00000| Untracked 
|  49|0x00000000c4d00000, 0x00000000c4d00000, 0x00000000c4e00000|  0%| F|  |TAMS 0x00000000c4d00000, 0x00000000c4d00000| Untracked 
|  50|0x00000000c4e00000, 0x00000000c4e00000, 0x00000000c4f00000|  0%| F|  |TAMS 0x00000000c4e00000, 0x00000000c4e00000| Untracked 
|  51|0x00000000c4f00000, 0x00000000c4f00000, 0x00000000c5000000|  0%| F|  |TAMS 0x00000000c4f00000, 0x00000000c4f00000| Untracked 
|  52|0x00000000c5000000, 0x00000000c5000000, 0x00000000c5100000|  0%| F|  |TAMS 0x00000000c5000000, 0x00000000c5000000| Untracked 
|  53|0x00000000c5100000, 0x00000000c5100000, 0x00000000c5200000|  0%| F|  |TAMS 0x00000000c5100000, 0x00000000c5100000| Untracked 
|  54|0x00000000c5200000, 0x00000000c5200000, 0x00000000c5300000|  0%| F|  |TAMS 0x00000000c5200000, 0x00000000c5200000| Untracked 
|  55|0x00000000c5300000, 0x00000000c5300000, 0x00000000c5400000|  0%| F|  |TAMS 0x00000000c5300000, 0x00000000c5300000| Untracked 
|  56|0x00000000c5400000, 0x00000000c5400000, 0x00000000c5500000|  0%| F|  |TAMS 0x00000000c5400000, 0x00000000c5400000| Untracked 
|  57|0x00000000c5500000, 0x00000000c5500000, 0x00000000c5600000|  0%| F|  |TAMS 0x00000000c5500000, 0x00000000c5500000| Untracked 
|  58|0x00000000c5600000, 0x00000000c5600000, 0x00000000c5700000|  0%| F|  |TAMS 0x00000000c5600000, 0x00000000c5600000| Untracked 
|  59|0x00000000c5700000, 0x00000000c5700000, 0x00000000c5800000|  0%| F|  |TAMS 0x00000000c5700000, 0x00000000c5700000| Untracked 
|  60|0x00000000c5800000, 0x00000000c5800000, 0x00000000c5900000|  0%| F|  |TAMS 0x00000000c5800000, 0x00000000c5800000| Untracked 
|  61|0x00000000c5900000, 0x00000000c5900000, 0x00000000c5a00000|  0%| F|  |TAMS 0x00000000c5900000, 0x00000000c5900000| Untracked 
|  62|0x00000000c5a00000, 0x00000000c5ae87d8, 0x00000000c5b00000| 90%| S|CS|TAMS 0x00000000c5a00000, 0x00000000c5a00000| Complete 
|  63|0x00000000c5b00000, 0x00000000c5b00000, 0x00000000c5c00000|  0%| F|  |TAMS 0x00000000c5b00000, 0x00000000c5b00000| Untracked 

Card table byte_map: [0x00000269e1660000,0x00000269e1860000] _byte_map_base: 0x00000269e1052000

Marking Bits (Prev, Next): (CMBitMap*) 0x00000269c8258e70, (CMBitMap*) 0x00000269c8258e38
 Prev Bits: [0x00000269e29f0000, 0x00000269e3980000)
 Next Bits: [0x00000269e1a60000, 0x00000269e29f0000)

Polling page: 0x00000269c8310000

Metaspace:

Usage:
  Non-class:      5.71 MB capacity,     5.66 MB (>99%) used,    48.39 KB ( <1%) free+waste,     6.81 KB ( <1%) overhead. 
      Class:    601.00 KB capacity,   555.46 KB ( 92%) used,    44.04 KB (  7%) free+waste,     1.50 KB ( <1%) overhead. 
       Both:      6.30 MB capacity,     6.20 MB ( 98%) used,    92.43 KB (  1%) free+waste,     8.31 KB ( <1%) overhead. 

Virtual space:
  Non-class space:       48.00 MB reserved,       5.75 MB ( 12%) committed 
      Class space:        1.00 GB reserved,     640.00 KB ( <1%) committed 
             Both:        1.05 GB reserved,       6.38 MB ( <1%) committed 

Chunk freelists:
   Non-Class:  4.63 KB
       Class:  896 bytes
        Both:  5.50 KB

CodeHeap 'non-profiled nmethods': size=120064Kb used=53Kb max_used=53Kb free=120010Kb
 bounds [0x00000269d98f0000, 0x00000269d9b60000, 0x00000269e0e30000]
CodeHeap 'profiled nmethods': size=120000Kb used=285Kb max_used=285Kb free=119714Kb
 bounds [0x00000269d23c0000, 0x00000269d2630000, 0x00000269d98f0000]
CodeHeap 'non-nmethods': size=5696Kb used=1052Kb max_used=1053Kb free=4643Kb
 bounds [0x00000269d1e30000, 0x00000269d20a0000, 0x00000269d23c0000]
 total_blobs=541 nmethods=204 adapters=249
 compilation: enabled
              stopped_count=0, restarted_count=0
 full_count=0

Compilation events (10 events):
Event: 0.484 Thread 0x00000269e67c8000  200       3       java.lang.StringBuilder::<init> (7 bytes)
Event: 0.484 Thread 0x00000269e67c8000 nmethod 200 0x00000269d2405890 code [0x00000269d2405a40, 0x00000269d2405bd0]
Event: 0.484 Thread 0x00000269e67c8000  201       3       jdk.internal.org.objectweb.asm.ByteVector::putShort (52 bytes)
Event: 0.484 Thread 0x00000269e67c8000 nmethod 201 0x00000269d2405c90 code [0x00000269d2405e40, 0x00000269d24060b0]
Event: 0.485 Thread 0x00000269e67c8000  203       3       jdk.internal.org.objectweb.asm.ClassWriter::get (49 bytes)
Event: 0.485 Thread 0x00000269e67c8000 nmethod 203 0x00000269d2406210 code [0x00000269d24063e0, 0x00000269d2406710]
Event: 0.485 Thread 0x00000269e67c8000  202       3       jdk.internal.org.objectweb.asm.Item::set (219 bytes)
Event: 0.486 Thread 0x00000269e67c8000 nmethod 202 0x00000269d2406890 code [0x00000269d2406aa0, 0x00000269d2407220]
Event: 0.486 Thread 0x00000269e67c8000  204       1       java.lang.invoke.MethodType::form (5 bytes)
Event: 0.486 Thread 0x00000269e67c8000 nmethod 204 0x00000269d98fd290 code [0x00000269d98fd420, 0x00000269d98fd538]

GC Heap History (4 events):
Event: 0.406 GC heap before
{Heap before GC invocations=0 (full 0):
 garbage-first heap   total 65536K, used 2048K [0x00000000c1c00000, 0x0000000100000000)
  region size 1024K, 3 young (3072K), 0 survivors (0K)
 Metaspace       used 5492K, capacity 5628K, committed 5888K, reserved 1079296K
  class space    used 466K, capacity 496K, committed 512K, reserved 1048576K
}
Event: 0.410 GC heap after
{Heap after GC invocations=1 (full 0):
 garbage-first heap   total 65536K, used 807K [0x00000000c1c00000, 0x0000000100000000)
  region size 1024K, 1 young (1024K), 1 survivors (1024K)
 Metaspace       used 5492K, capacity 5628K, committed 5888K, reserved 1079296K
  class space    used 466K, capacity 496K, committed 512K, reserved 1048576K
}
Event: 0.494 GC heap before
{Heap before GC invocations=2 (full 0):
 garbage-first heap   total 65536K, used 807K [0x00000000c1c00000, 0x0000000100000000)
  region size 1024K, 2 young (2048K), 1 survivors (1024K)
 Metaspace       used 6351K, capacity 6452K, committed 6528K, reserved 1095680K
  class space    used 555K, capacity 601K, committed 640K, reserved 1048576K
}
Event: 0.497 GC heap after
{Heap after GC invocations=3 (full 0):
 garbage-first heap   total 65536K, used 929K [0x00000000c1c00000, 0x0000000100000000)
  region size 1024K, 1 young (1024K), 1 survivors (1024K)
 Metaspace       used 6351K, capacity 6452K, committed 6528K, reserved 1095680K
  class space    used 555K, capacity 601K, committed 640K, reserved 1048576K
}

Deoptimization events (1 events):
Event: 0.225 Thread 0x00000269c822d000 Uncommon trap: reason=unstable_if action=reinterpret pc=0x00000269d98f44fc method=java.lang.String.hashCode()I @ 14 c2

Classes redefined (0 events):
No events

Internal exceptions (0 events):
No events

Events (10 events):
Event: 0.492 loading class sun/management/ManagementFactoryHelper done
Event: 0.492 loading class sun/management/VMManagementImpl
Event: 0.493 loading class sun/management/VMManagement
Event: 0.493 loading class sun/management/VMManagement done
Event: 0.493 loading class sun/management/VMManagementImpl done
Event: 0.493 loading class com/sun/management/internal/PlatformMBeanProviderImpl$5
Event: 0.493 loading class com/sun/management/internal/PlatformMBeanProviderImpl$5 done
Event: 0.494 loading class java/util/Collections$UnmodifiableRandomAccessList
Event: 0.494 loading class java/util/Collections$UnmodifiableList
Event: 0.494 Executing VM operation: CollectForMetadataAllocation


Dynamic libraries:
0x00007ff6bb350000 - 0x00007ff6bb35f000 	C:\Program Files\Java\jdk-11.0.8\bin\java.exe
0x00007ffe7a150000 - 0x00007ffe7a345000 	C:\WINDOWS\SYSTEM32\ntdll.dll
0x00007ffe6a600000 - 0x00007ffe6a613000 	C:\Program Files (x86)\AVG\Antivirus\aswhook.dll
0x00007ffe796a0000 - 0x00007ffe7975d000 	C:\WINDOWS\System32\KERNEL32.DLL
0x00007ffe77e40000 - 0x00007ffe78108000 	C:\WINDOWS\System32\KERNELBASE.dll
0x00007ffe77920000 - 0x00007ffe77a20000 	C:\WINDOWS\System32\ucrtbase.dll
0x00007ffe6acc0000 - 0x00007ffe6acd5000 	C:\Program Files\Java\jdk-11.0.8\bin\VCRUNTIME140.dll
0x00007ffe73380000 - 0x00007ffe73398000 	C:\Program Files\Java\jdk-11.0.8\bin\jli.dll
0x00007ffe79400000 - 0x00007ffe794ac000 	C:\WINDOWS\System32\ADVAPI32.dll
0x00007ffe79ad0000 - 0x00007ffe79b6e000 	C:\WINDOWS\System32\msvcrt.dll
0x00007ffe799c0000 - 0x00007ffe79a5b000 	C:\WINDOWS\System32\sechost.dll
0x00007ffe792d0000 - 0x00007ffe793fb000 	C:\WINDOWS\System32\RPCRT4.dll
0x00007ffe78960000 - 0x00007ffe78b00000 	C:\WINDOWS\System32\USER32.dll
0x00007ffe77a20000 - 0x00007ffe77a42000 	C:\WINDOWS\System32\win32u.dll
0x00007ffe78930000 - 0x00007ffe7895a000 	C:\WINDOWS\System32\GDI32.dll
0x00007ffe77b30000 - 0x00007ffe77c3b000 	C:\WINDOWS\System32\gdi32full.dll
0x00007ffe77da0000 - 0x00007ffe77e3d000 	C:\WINDOWS\System32\msvcp_win.dll
0x00007ffe6a2d0000 - 0x00007ffe6a56a000 	C:\WINDOWS\WinSxS\amd64_microsoft.windows.common-controls_6595b64144ccf1df_6.0.19041.1052_none_60b8f8fd71f5e8cb\COMCTL32.dll
0x00007ffe70d90000 - 0x00007ffe70d9a000 	C:\WINDOWS\SYSTEM32\VERSION.dll
0x00007ffe781c0000 - 0x00007ffe781f0000 	C:\WINDOWS\System32\IMM32.DLL
0x00007ffe528c0000 - 0x00007ffe5295b000 	C:\Program Files\Java\jdk-11.0.8\bin\msvcp140.dll
0x00007ffe4ae40000 - 0x00007ffe4b926000 	C:\Program Files\Java\jdk-11.0.8\bin\server\jvm.dll
0x00007ffe792c0000 - 0x00007ffe792c8000 	C:\WINDOWS\System32\PSAPI.DLL
0x00007ffe6d030000 - 0x00007ffe6d057000 	C:\WINDOWS\SYSTEM32\WINMM.dll
0x00007ffe6a280000 - 0x00007ffe6a289000 	C:\WINDOWS\SYSTEM32\WSOCK32.dll
0x00007ffe79630000 - 0x00007ffe7969b000 	C:\WINDOWS\System32\WS2_32.dll
0x00007ffe757e0000 - 0x00007ffe757f2000 	C:\WINDOWS\SYSTEM32\kernel.appcore.dll
0x00007ffe4e200000 - 0x00007ffe4e210000 	C:\Program Files\Java\jdk-11.0.8\bin\verify.dll
0x00007ffe6da50000 - 0x00007ffe6dc34000 	C:\WINDOWS\SYSTEM32\DBGHELP.DLL
0x00007ffe70c20000 - 0x00007ffe70c4c000 	C:\WINDOWS\SYSTEM32\dbgcore.DLL
0x00007ffe77890000 - 0x00007ffe77913000 	C:\WINDOWS\System32\bcryptPrimitives.dll
0x00007ffe49a20000 - 0x00007ffe49a48000 	C:\Program Files\Java\jdk-11.0.8\bin\java.dll
0x00007ffe499d0000 - 0x00007ffe499da000 	C:\Program Files\Java\jdk-11.0.8\bin\jimage.dll
0x00007ffe499b0000 - 0x00007ffe499c6000 	C:\Program Files\Java\jdk-11.0.8\bin\zip.dll
0x00007ffe781f0000 - 0x00007ffe7892f000 	C:\WINDOWS\System32\SHELL32.dll
0x00007ffe759e0000 - 0x00007ffe76170000 	C:\WINDOWS\SYSTEM32\windows.storage.dll
0x00007ffe78da0000 - 0x00007ffe790f5000 	C:\WINDOWS\System32\combase.dll
0x00007ffe77230000 - 0x00007ffe7725c000 	C:\WINDOWS\SYSTEM32\Wldp.dll
0x00007ffe79b90000 - 0x00007ffe79c3e000 	C:\WINDOWS\System32\SHCORE.dll
0x00007ffe79c40000 - 0x00007ffe79c95000 	C:\WINDOWS\System32\shlwapi.dll
0x00007ffe777d0000 - 0x00007ffe777ef000 	C:\WINDOWS\SYSTEM32\profapi.dll
0x00007ffe474f0000 - 0x00007ffe47509000 	C:\Program Files\Java\jdk-11.0.8\bin\net.dll
0x00007ffe6d260000 - 0x00007ffe6d36b000 	C:\WINDOWS\SYSTEM32\WINHTTP.dll
0x00007ffe76fa0000 - 0x00007ffe7700a000 	C:\WINDOWS\system32\mswsock.dll
0x00007ffe474a0000 - 0x00007ffe474b2000 	C:\Program Files\Java\jdk-11.0.8\bin\nio.dll
0x00007ffe44190000 - 0x00007ffe44199000 	C:\Program Files\Java\jdk-11.0.8\bin\management.dll
0x00007ffe432a0000 - 0x00007ffe432ab000 	C:\Program Files\Java\jdk-11.0.8\bin\management_ext.dll

dbghelp: loaded successfully - version: 4.0.5 - missing functions: none
symbol engine: initialized successfully - sym options: 0x614 - pdb path: .;C:\Program Files\Java\jdk-11.0.8\bin;C:\WINDOWS\SYSTEM32;C:\Program Files (x86)\AVG\Antivirus;C:\WINDOWS\WinSxS\amd64_microsoft.windows.common-controls_6595b64144ccf1df_6.0.19041.1052_none_60b8f8fd71f5e8cb;C:\Program Files\Java\jdk-11.0.8\bin\server

VM Arguments:
java_command: C:\Users\THIENN~1\AppData\Local\Temp\surefire12278808085039729510\surefirebooter6697445756487042026.jar C:\Users\ThienNhan\AppData\Local\Temp\surefire12278808085039729510 2021-07-06T10-27-57_534-jvmRun1 surefire3316726623557848908tmp surefire_013721267726231134153tmp
java_class_path (initial): C:\Users\THIENN~1\AppData\Local\Temp\surefire12278808085039729510\surefirebooter6697445756487042026.jar
Launcher Type: SUN_STANDARD

[Global flags]
     intx CICompilerCount                          = 3                                         {product} {ergonomic}
     uint ConcGCThreads                            = 1                                         {product} {ergonomic}
     uint G1ConcRefinementThreads                  = 4                                         {product} {ergonomic}
   size_t G1HeapRegionSize                         = 1048576                                   {product} {ergonomic}
    uintx GCDrainStackTargetSize                   = 64                                        {product} {ergonomic}
   size_t InitialHeapSize                          = 67108864                                  {product} {ergonomic}
   size_t MarkStackSize                            = 4194304                                   {product} {ergonomic}
   size_t MaxHeapSize                              = 1044381696                                {product} {ergonomic}
   size_t MaxNewSize                               = 625999872                                 {product} {ergonomic}
   size_t MinHeapDeltaBytes                        = 1048576                                   {product} {ergonomic}
    uintx NonNMethodCodeHeapSize                   = 5830732                                {pd product} {ergonomic}
    uintx NonProfiledCodeHeapSize                  = 122913754                              {pd product} {ergonomic}
    uintx ProfiledCodeHeapSize                     = 122913754                              {pd product} {ergonomic}
    uintx ReservedCodeCacheSize                    = 251658240                              {pd product} {ergonomic}
     bool SegmentedCodeCache                       = true                                      {product} {ergonomic}
     bool UseCompressedClassPointers               = true                                 {lp64_product} {ergonomic}
     bool UseCompressedOops                        = true                                 {lp64_product} {ergonomic}
     bool UseG1GC                                  = true                                      {product} {ergonomic}
     bool UseLargePagesIndividualAllocation        = false                                  {pd product} {ergonomic}

Logging:
Log output configuration:
 #0: stdout all=warning uptime,level,tags
 #1: stderr all=off uptime,level,tags

Environment Variables:
JAVA_HOME=C:\Program Files\Java\jdk-11.0.8
PATH=C:/Program Files/Java/jdk-11.0.8/bin/server;C:/Program Files/Java/jdk-11.0.8/bin;C:\Program Files (x86)\Intel\iCLS Client\;C:\Program Files\Intel\iCLS Client\;C:\WINDOWS\system32;C:\WINDOWS;C:\WINDOWS\System32\Wbem;C:\WINDOWS\System32\WindowsPowerShell\v1.0\;C:\Program Files\Intel\IntelSGXPSW\bin\x64\Release\;C:\Program Files\Intel\IntelSGXPSW\bin\win32\Release\;C:\Program Files\Hewlett-Packard\SimplePass\;C:\Program Files (x86)\Intel\Intel(R) Management Engine Components\DAL;C:\Program Files\Intel\Intel(R) Management Engine Components\DAL;C:\Program Files (x86)\Intel\Intel(R) Management Engine Components\IPT;C:\Program Files\Intel\Intel(R) Management Engine Components\IPT;C:\Program Files\Intel\WiFi\bin\;C:\Program Files\Common Files\Intel\WirelessCommon\;C:\WINDOWS\System32\OpenSSH\;C:\Program Files\Java\jdk-11.0.8\bin\;C:\Program Files\dotnet\;C:\ProgramData\chocolatey\bin;C:\Program Files\Git\cmd;C:\Program Files (x86)\mingw-w64\i686-8.1.0-posix-dwarf-rt_v6-rev0\mingw32\bin;C:\Program Files\nodejs\;C:\Windows\Microsoft.NET\Framework\v4.0.30319;C:\Users\ThienNhan\AppData\Local\Microsoft\WindowsApps;;C:\Users\ThienNhan\AppData\Local\Programs\Microsoft VS Code\bin;C:\Users\ThienNhan\.dotnet\tools;C:\Users\ThienNhan\AppData\Roaming\npm;C:\Users\ThienNhan\Downloads\eclipse;
USERNAME=ThienNhan
OS=Windows_NT
PROCESSOR_IDENTIFIER=Intel64 Family 6 Model 78 Stepping 3, GenuineIntel



---------------  S Y S T E M  ---------------

OS: Windows 10 , 64 bit Build 19041 (10.0.19041.1023)

CPU:total 4 (initial active 4) (2 cores per cpu, 2 threads per core) family 6 model 78 stepping 3, cmov, cx8, fxsr, mmx, sse, sse2, sse3, ssse3, sse4.1, sse4.2, popcnt, avx, avx2, aes, clmul, erms, 3dnowpref, lzcnt, ht, tsc, tscinvbit, bmi1, bmi2, adx, fma

Memory: 4k page, system-wide physical 3978M (289M free)
TotalPageFile size 7978M (AvailPageFile size 21M)
current process WorkingSet (physical memory assigned to process): 34M, peak: 34M
current process commit charge ("private bytes"): 130M, peak: 131M

vm_info: Java HotSpot(TM) 64-Bit Server VM (11.0.8+10-LTS) for windows-amd64 JRE (11.0.8+10-LTS), built on Jun 16 2020 05:53:08 by "mach5one" with unknown MS VC++:1916

END.
