#
# There is insufficient memory for the Java Runtime Environment to continue.
# Native memory allocation (malloc) failed to allocate 110896 bytes for Chunk::new
# Possible reasons:
#   The system is out of physical RAM or swap space
#   The process is running with CompressedOops enabled, and the Java Heap may be blocking the growth of the native heap
# Possible solutions:
#   Reduce memory load on the system
#   Increase physical memory or swap space
#   Check if swap backing store is full
#   Decrease Java heap size (-Xmx/-Xms)
#   Decrease number of Java threads
#   Decrease Java thread stack sizes (-Xss)
#   Set larger code cache with -XX:ReservedCodeCacheSize=
#   JVM is running with Unscaled Compressed Oops mode in which the Java heap is
#     placed in the first 4GB address space. The Java Heap base address is the
#     maximum limit for the native heap growth. Please use -XX:HeapBaseMinAddress
#     to set the Java Heap base and to place the Java Heap above 4GB virtual address.
# This output file may be truncated or incomplete.
#
#  Out of Memory Error (./open/src/hotspot/share/memory/arena.cpp:197), pid=9508, tid=15204
#
# JRE version: Java(TM) SE Runtime Environment 18.9 (11.0.8+10) (build 11.0.8+10-LTS)
# Java VM: Java HotSpot(TM) 64-Bit Server VM 18.9 (11.0.8+10-LTS, mixed mode, tiered, compressed oops, g1 gc, windows-amd64)
# No core dump will be written. Minidumps are not enabled by default on client versions of Windows
#

---------------  S U M M A R Y ------------

Command Line: -Dmaven.home=EMBEDDED -Dclassworlds.conf=C:\Users\ThienNhan\eclipse-workspace\.metadata\.plugins\org.eclipse.m2e.launching\launches\m2conf12356904298882861997.tmp -Dmaven.multiModuleProjectDirectory=C:\LIEN\Java\movie_java\movie_java_repo\demo -Dfile.encoding=Cp1252 org.codehaus.plexus.classworlds.launcher.Launcher -B install

Host: Intel(R) Core(TM) i5-6200U CPU @ 2.30GHz, 4 cores, 3G,  Windows 10 , 64 bit Build 19041 (10.0.19041.1023)
Time: Tue Jul  6 10:27:59 2021 Romance Daylight Time elapsed time: 11 seconds (0d 0h 0m 11s)

---------------  T H R E A D  ---------------

Current thread (0x000002687d3a5000):  JavaThread "C2 CompilerThread0" daemon [_thread_in_native, id=15204, stack(0x000000ca2bc00000,0x000000ca2bd00000)]


Current CompileTask:
C2:  11537 4314       4       java.lang.String::replace (42 bytes)

Stack: [0x000000ca2bc00000,0x000000ca2bd00000]
Native frames: (J=compiled Java code, j=interpreted, Vv=VM code, C=native code)
V  [jvm.dll+0x601aea]
V  [jvm.dll+0x737fef]
V  [jvm.dll+0x739675]
V  [jvm.dll+0x739cf3]
V  [jvm.dll+0x242848]
V  [jvm.dll+0xb999c]
V  [jvm.dll+0xb9f2c]
V  [jvm.dll+0x344162]
V  [jvm.dll+0x312003]
V  [jvm.dll+0x31134a]
V  [jvm.dll+0x1fc2e5]
V  [jvm.dll+0x1fb49f]
V  [jvm.dll+0x17e0fc]
V  [jvm.dll+0x20aaa4]
V  [jvm.dll+0x208b7b]
V  [jvm.dll+0x6ff90c]
V  [jvm.dll+0x6f845c]
V  [jvm.dll+0x600d66]
C  [ucrtbase.dll+0x21bb2]
C  [KERNEL32.DLL+0x17034]
C  [ntdll.dll+0x52651]


---------------  P R O C E S S  ---------------

Threads class SMR info:
_java_thread_list=0x000002680f921590, length=21, elements={
0x000002686fd5c800, 0x000002687d312000, 0x000002687d33d000, 0x000002687d3a1800,
0x000002687d3a3000, 0x000002687d3a5000, 0x000002687d3ce000, 0x000002687d500800,
0x000002687d615800, 0x000002687d601800, 0x000002687f0ab800, 0x000002687f0ae000,
0x000002687f1d3000, 0x000002687dc05800, 0x000002680ff2c800, 0x000002687dadd800,
0x000002680fae3800, 0x000002680fae4000, 0x000002687f05b800, 0x000002680f452800,
0x000002680f450000
}

Java Threads: ( => current thread )
  0x000002686fd5c800 JavaThread "main" [_thread_in_native, id=3528, stack(0x000000ca2b100000,0x000000ca2b200000)]
  0x000002687d312000 JavaThread "Reference Handler" daemon [_thread_blocked, id=2632, stack(0x000000ca2b800000,0x000000ca2b900000)]
  0x000002687d33d000 JavaThread "Finalizer" daemon [_thread_blocked, id=15168, stack(0x000000ca2b900000,0x000000ca2ba00000)]
  0x000002687d3a1800 JavaThread "Signal Dispatcher" daemon [_thread_blocked, id=14864, stack(0x000000ca2ba00000,0x000000ca2bb00000)]
  0x000002687d3a3000 JavaThread "Attach Listener" daemon [_thread_blocked, id=9980, stack(0x000000ca2bb00000,0x000000ca2bc00000)]
=>0x000002687d3a5000 JavaThread "C2 CompilerThread0" daemon [_thread_in_native, id=15204, stack(0x000000ca2bc00000,0x000000ca2bd00000)]
  0x000002687d3ce000 JavaThread "C1 CompilerThread0" daemon [_thread_blocked, id=6008, stack(0x000000ca2bd00000,0x000000ca2be00000)]
  0x000002687d500800 JavaThread "Sweeper thread" daemon [_thread_blocked, id=5912, stack(0x000000ca2be00000,0x000000ca2bf00000)]
  0x000002687d615800 JavaThread "Service Thread" daemon [_thread_blocked, id=2708, stack(0x000000ca2bf00000,0x000000ca2c000000)]
  0x000002687d601800 JavaThread "Common-Cleaner" daemon [_thread_blocked, id=8220, stack(0x000000ca2c100000,0x000000ca2c200000)]
  0x000002687f0ab800 JavaThread "resolver-1" daemon [_thread_blocked, id=9832, stack(0x000000ca2c300000,0x000000ca2c400000)]
  0x000002687f0ae000 JavaThread "resolver-2" daemon [_thread_blocked, id=12676, stack(0x000000ca2c400000,0x000000ca2c500000)]
  0x000002687f1d3000 JavaThread "resolver-3" daemon [_thread_blocked, id=14988, stack(0x000000ca2c500000,0x000000ca2c600000)]
  0x000002687dc05800 JavaThread "resolver-4" daemon [_thread_blocked, id=3068, stack(0x000000ca2c600000,0x000000ca2c700000)]
  0x000002680ff2c800 JavaThread "resolver-5" daemon [_thread_blocked, id=10588, stack(0x000000ca2c700000,0x000000ca2c800000)]
  0x000002687dadd800 JavaThread "timeout-check-timer" daemon [_thread_blocked, id=8208, stack(0x000000ca2c800000,0x000000ca2c900000)]
  0x000002680fae3800 JavaThread "ping-timer-10s" daemon [_thread_blocked, id=14412, stack(0x000000ca2c900000,0x000000ca2ca00000)]
  0x000002680fae4000 JavaThread "ThreadedStreamConsumer" daemon [_thread_blocked, id=14356, stack(0x000000ca2ca00000,0x000000ca2cb00000)]
  0x000002687f05b800 JavaThread "Thread-2" [_thread_blocked, id=12936, stack(0x000000ca2cb00000,0x000000ca2cc00000)]
  0x000002680f452800 JavaThread "Thread-3" [_thread_in_native, id=9160, stack(0x000000ca2cc00000,0x000000ca2cd00000)]
  0x000002680f450000 JavaThread "Thread-4" [_thread_in_native, id=14636, stack(0x000000ca2cd00000,0x000000ca2ce00000)]

Other Threads:
  0x000002687d30d800 VMThread "VM Thread" [stack: 0x000000ca2b700000,0x000000ca2b800000] [id=10676]
  0x000002687d61b800 WatcherThread [stack: 0x000000ca2c000000,0x000000ca2c100000] [id=10776]
  0x000002686fd73000 GCTaskThread "GC Thread#0" [stack: 0x000000ca2b200000,0x000000ca2b300000] [id=5184]
  0x000002687df82000 GCTaskThread "GC Thread#1" [stack: 0x000000ca2c200000,0x000000ca2c300000] [id=1360]
  0x000002686fd8e000 ConcurrentGCThread "G1 Main Marker" [stack: 0x000000ca2b300000,0x000000ca2b400000] [id=5932]
  0x000002686fd90000 ConcurrentGCThread "G1 Conc#0" [stack: 0x000000ca2b400000,0x000000ca2b500000] [id=7552]
  0x000002686fde7800 ConcurrentGCThread "G1 Refine#0" [stack: 0x000000ca2b500000,0x000000ca2b600000] [id=11924]
  0x000002686fde8800 ConcurrentGCThread "G1 Young RemSet Sampling" [stack: 0x000000ca2b600000,0x000000ca2b700000] [id=9192]

Threads with active compile tasks:
C2 CompilerThread0  11622 4314       4       java.lang.String::replace (42 bytes)

VM state:not at safepoint (normal execution)

VM Mutex/Monitor currently owned by a thread: None

Heap address: 0x00000000c1c00000, size: 996 MB, Compressed Oops mode: 32-bit
Narrow klass base: 0x0000000000000000, Narrow klass shift: 3
Compressed class space size: 1073741824 Address: 0x0000000100000000

Heap:
 garbage-first heap   total 76800K, used 44661K [0x00000000c1c00000, 0x0000000100000000)
  region size 1024K, 33 young (33792K), 3 survivors (3072K)
 Metaspace       used 25908K, capacity 26423K, committed 26544K, reserved 1073152K
  class space    used 2591K, capacity 2807K, committed 2816K, reserved 1048576K
Heap Regions: E=young(eden), S=young(survivor), O=old, HS=humongous(starts), HC=humongous(continues), CS=collection set, F=free, A=archive, TAMS=top-at-mark-start (previous, next)
|   0|0x00000000c1c00000, 0x00000000c1d00000, 0x00000000c1d00000|100%| O|  |TAMS 0x00000000c1d00000, 0x00000000c1c00000| Untracked 
|   1|0x00000000c1d00000, 0x00000000c1e00000, 0x00000000c1e00000|100%| O|  |TAMS 0x00000000c1e00000, 0x00000000c1d00000| Untracked 
|   2|0x00000000c1e00000, 0x00000000c1f00000, 0x00000000c1f00000|100%| O|  |TAMS 0x00000000c1f00000, 0x00000000c1e00000| Untracked 
|   3|0x00000000c1f00000, 0x00000000c2000000, 0x00000000c2000000|100%| O|  |TAMS 0x00000000c2000000, 0x00000000c1f00000| Untracked 
|   4|0x00000000c2000000, 0x00000000c2100000, 0x00000000c2100000|100%| O|  |TAMS 0x00000000c2100000, 0x00000000c2000000| Untracked 
|   5|0x00000000c2100000, 0x00000000c2200000, 0x00000000c2200000|100%| O|  |TAMS 0x00000000c2200000, 0x00000000c2100000| Untracked 
|   6|0x00000000c2200000, 0x00000000c2300000, 0x00000000c2300000|100%| O|  |TAMS 0x00000000c2300000, 0x00000000c2200000| Untracked 
|   7|0x00000000c2300000, 0x00000000c2400000, 0x00000000c2400000|100%| O|  |TAMS 0x00000000c2400000, 0x00000000c2300000| Untracked 
|   8|0x00000000c2400000, 0x00000000c2500000, 0x00000000c2500000|100%| O|  |TAMS 0x00000000c2500000, 0x00000000c2400000| Untracked 
|   9|0x00000000c2500000, 0x00000000c2500000, 0x00000000c2600000|  0%| F|  |TAMS 0x00000000c2500000, 0x00000000c2500000| Untracked 
|  10|0x00000000c2600000, 0x00000000c2600000, 0x00000000c2700000|  0%| F|  |TAMS 0x00000000c2600000, 0x00000000c2600000| Untracked 
|  11|0x00000000c2700000, 0x00000000c2700000, 0x00000000c2800000|  0%| F|  |TAMS 0x00000000c2700000, 0x00000000c2700000| Untracked 
|  12|0x00000000c2800000, 0x00000000c2800000, 0x00000000c2900000|  0%| F|  |TAMS 0x00000000c2800000, 0x00000000c2800000| Untracked 
|  13|0x00000000c2900000, 0x00000000c2900000, 0x00000000c2a00000|  0%| F|  |TAMS 0x00000000c2900000, 0x00000000c2900000| Untracked 
|  14|0x00000000c2a00000, 0x00000000c2a00000, 0x00000000c2b00000|  0%| F|  |TAMS 0x00000000c2a00000, 0x00000000c2a00000| Untracked 
|  15|0x00000000c2b00000, 0x00000000c2b00000, 0x00000000c2c00000|  0%| F|  |TAMS 0x00000000c2b00000, 0x00000000c2b00000| Untracked 
|  16|0x00000000c2c00000, 0x00000000c2c00000, 0x00000000c2d00000|  0%| F|  |TAMS 0x00000000c2c00000, 0x00000000c2c00000| Untracked 
|  17|0x00000000c2d00000, 0x00000000c2d00000, 0x00000000c2e00000|  0%| F|  |TAMS 0x00000000c2d00000, 0x00000000c2d00000| Untracked 
|  18|0x00000000c2e00000, 0x00000000c2e00000, 0x00000000c2f00000|  0%| F|  |TAMS 0x00000000c2e00000, 0x00000000c2e00000| Untracked 
|  19|0x00000000c2f00000, 0x00000000c2f00000, 0x00000000c3000000|  0%| F|  |TAMS 0x00000000c2f00000, 0x00000000c2f00000| Untracked 
|  20|0x00000000c3000000, 0x00000000c3000000, 0x00000000c3100000|  0%| F|  |TAMS 0x00000000c3000000, 0x00000000c3000000| Untracked 
|  21|0x00000000c3100000, 0x00000000c3100000, 0x00000000c3200000|  0%| F|  |TAMS 0x00000000c3100000, 0x00000000c3100000| Untracked 
|  22|0x00000000c3200000, 0x00000000c3200000, 0x00000000c3300000|  0%| F|  |TAMS 0x00000000c3200000, 0x00000000c3200000| Untracked 
|  23|0x00000000c3300000, 0x00000000c3300000, 0x00000000c3400000|  0%| F|  |TAMS 0x00000000c3300000, 0x00000000c3300000| Untracked 
|  24|0x00000000c3400000, 0x00000000c3400000, 0x00000000c3500000|  0%| F|  |TAMS 0x00000000c3400000, 0x00000000c3400000| Untracked 
|  25|0x00000000c3500000, 0x00000000c3500000, 0x00000000c3600000|  0%| F|  |TAMS 0x00000000c3500000, 0x00000000c3500000| Untracked 
|  26|0x00000000c3600000, 0x00000000c3600000, 0x00000000c3700000|  0%| F|  |TAMS 0x00000000c3600000, 0x00000000c3600000| Untracked 
|  27|0x00000000c3700000, 0x00000000c3700000, 0x00000000c3800000|  0%| F|  |TAMS 0x00000000c3700000, 0x00000000c3700000| Untracked 
|  28|0x00000000c3800000, 0x00000000c3800000, 0x00000000c3900000|  0%| F|  |TAMS 0x00000000c3800000, 0x00000000c3800000| Untracked 
|  29|0x00000000c3900000, 0x00000000c3a00000, 0x00000000c3a00000|100%| O|  |TAMS 0x00000000c3a00000, 0x00000000c3900000| Untracked 
|  30|0x00000000c3a00000, 0x00000000c3b00000, 0x00000000c3b00000|100%| O|  |TAMS 0x00000000c3a58200, 0x00000000c3a00000| Untracked 
|  31|0x00000000c3b00000, 0x00000000c3b00000, 0x00000000c3c00000|  0%| F|  |TAMS 0x00000000c3b00000, 0x00000000c3b00000| Untracked 
|  32|0x00000000c3c00000, 0x00000000c3c00000, 0x00000000c3d00000|  0%| F|  |TAMS 0x00000000c3c00000, 0x00000000c3c00000| Untracked 
|  33|0x00000000c3d00000, 0x00000000c3d00000, 0x00000000c3e00000|  0%| F|  |TAMS 0x00000000c3d00000, 0x00000000c3d00000| Untracked 
|  34|0x00000000c3e00000, 0x00000000c3e00000, 0x00000000c3f00000|  0%| F|  |TAMS 0x00000000c3e00000, 0x00000000c3e00000| Untracked 
|  35|0x00000000c3f00000, 0x00000000c3f00000, 0x00000000c4000000|  0%| F|  |TAMS 0x00000000c3f00000, 0x00000000c3f00000| Untracked 
|  36|0x00000000c4000000, 0x00000000c4000000, 0x00000000c4100000|  0%| F|  |TAMS 0x00000000c4000000, 0x00000000c4000000| Untracked 
|  37|0x00000000c4100000, 0x00000000c4100000, 0x00000000c4200000|  0%| F|  |TAMS 0x00000000c4100000, 0x00000000c4100000| Untracked 
|  38|0x00000000c4200000, 0x00000000c4200000, 0x00000000c4300000|  0%| F|  |TAMS 0x00000000c4200000, 0x00000000c4200000| Untracked 
|  39|0x00000000c4300000, 0x00000000c43e9fb0, 0x00000000c4400000| 91%| S|CS|TAMS 0x00000000c4300000, 0x00000000c4300000| Complete 
|  40|0x00000000c4400000, 0x00000000c4500000, 0x00000000c4500000|100%| S|CS|TAMS 0x00000000c4400000, 0x00000000c4400000| Complete 
|  41|0x00000000c4500000, 0x00000000c4600000, 0x00000000c4600000|100%| S|CS|TAMS 0x00000000c4500000, 0x00000000c4500000| Complete 
|  42|0x00000000c4600000, 0x00000000c4600000, 0x00000000c4700000|  0%| F|  |TAMS 0x00000000c4600000, 0x00000000c4600000| Untracked 
|  43|0x00000000c4700000, 0x00000000c4700000, 0x00000000c4800000|  0%| F|  |TAMS 0x00000000c4700000, 0x00000000c4700000| Untracked 
|  44|0x00000000c4800000, 0x00000000c48ee9c0, 0x00000000c4900000| 93%| E|  |TAMS 0x00000000c4800000, 0x00000000c4800000| Complete 
|  45|0x00000000c4900000, 0x00000000c4a00000, 0x00000000c4a00000|100%| E|CS|TAMS 0x00000000c4900000, 0x00000000c4900000| Complete 
|  46|0x00000000c4a00000, 0x00000000c4b00000, 0x00000000c4b00000|100%| E|CS|TAMS 0x00000000c4a00000, 0x00000000c4a00000| Complete 
|  47|0x00000000c4b00000, 0x00000000c4c00000, 0x00000000c4c00000|100%| E|CS|TAMS 0x00000000c4b00000, 0x00000000c4b00000| Complete 
|  48|0x00000000c4c00000, 0x00000000c4d00000, 0x00000000c4d00000|100%| E|CS|TAMS 0x00000000c4c00000, 0x00000000c4c00000| Complete 
|  49|0x00000000c4d00000, 0x00000000c4e00000, 0x00000000c4e00000|100%| E|CS|TAMS 0x00000000c4d00000, 0x00000000c4d00000| Complete 
|  50|0x00000000c4e00000, 0x00000000c4f00000, 0x00000000c4f00000|100%| E|CS|TAMS 0x00000000c4e00000, 0x00000000c4e00000| Complete 
|  51|0x00000000c4f00000, 0x00000000c5000000, 0x00000000c5000000|100%| E|CS|TAMS 0x00000000c4f00000, 0x00000000c4f00000| Complete 
|  52|0x00000000c5000000, 0x00000000c5100000, 0x00000000c5100000|100%| E|CS|TAMS 0x00000000c5000000, 0x00000000c5000000| Complete 
|  53|0x00000000c5100000, 0x00000000c5200000, 0x00000000c5200000|100%| E|CS|TAMS 0x00000000c5100000, 0x00000000c5100000| Complete 
|  54|0x00000000c5200000, 0x00000000c5300000, 0x00000000c5300000|100%| E|CS|TAMS 0x00000000c5200000, 0x00000000c5200000| Complete 
|  55|0x00000000c5300000, 0x00000000c5400000, 0x00000000c5400000|100%| E|CS|TAMS 0x00000000c5300000, 0x00000000c5300000| Complete 
|  56|0x00000000c5400000, 0x00000000c5500000, 0x00000000c5500000|100%| E|CS|TAMS 0x00000000c5400000, 0x00000000c5400000| Complete 
|  57|0x00000000c5500000, 0x00000000c5600000, 0x00000000c5600000|100%| E|CS|TAMS 0x00000000c5500000, 0x00000000c5500000| Complete 
|  58|0x00000000c5600000, 0x00000000c5700000, 0x00000000c5700000|100%| E|CS|TAMS 0x00000000c5600000, 0x00000000c5600000| Complete 
|  59|0x00000000c5700000, 0x00000000c5800000, 0x00000000c5800000|100%| E|CS|TAMS 0x00000000c5700000, 0x00000000c5700000| Complete 
|  60|0x00000000c5800000, 0x00000000c5900000, 0x00000000c5900000|100%| E|CS|TAMS 0x00000000c5800000, 0x00000000c5800000| Complete 
|  61|0x00000000c5900000, 0x00000000c5a00000, 0x00000000c5a00000|100%| E|CS|TAMS 0x00000000c5900000, 0x00000000c5900000| Complete 
|  62|0x00000000c5a00000, 0x00000000c5b00000, 0x00000000c5b00000|100%| E|CS|TAMS 0x00000000c5a00000, 0x00000000c5a00000| Complete 
|  63|0x00000000c5b00000, 0x00000000c5c00000, 0x00000000c5c00000|100%| E|CS|TAMS 0x00000000c5b00000, 0x00000000c5b00000| Complete 
|  64|0x00000000c5c00000, 0x00000000c5d00000, 0x00000000c5d00000|100%| E|CS|TAMS 0x00000000c5c00000, 0x00000000c5c00000| Complete 
|  65|0x00000000c5d00000, 0x00000000c5e00000, 0x00000000c5e00000|100%| E|CS|TAMS 0x00000000c5d00000, 0x00000000c5d00000| Complete 
|  66|0x00000000c5e00000, 0x00000000c5f00000, 0x00000000c5f00000|100%| E|CS|TAMS 0x00000000c5e00000, 0x00000000c5e00000| Complete 
|  67|0x00000000c5f00000, 0x00000000c6000000, 0x00000000c6000000|100%| E|CS|TAMS 0x00000000c5f00000, 0x00000000c5f00000| Complete 
|  68|0x00000000c6000000, 0x00000000c6100000, 0x00000000c6100000|100%| E|CS|TAMS 0x00000000c6000000, 0x00000000c6000000| Complete 
|  69|0x00000000c6100000, 0x00000000c6200000, 0x00000000c6200000|100%| E|CS|TAMS 0x00000000c6100000, 0x00000000c6100000| Complete 
|  70|0x00000000c6200000, 0x00000000c6300000, 0x00000000c6300000|100%| E|CS|TAMS 0x00000000c6200000, 0x00000000c6200000| Complete 
|  71|0x00000000c6300000, 0x00000000c6400000, 0x00000000c6400000|100%| E|CS|TAMS 0x00000000c6300000, 0x00000000c6300000| Complete 
|  72|0x00000000c6400000, 0x00000000c6500000, 0x00000000c6500000|100%| E|CS|TAMS 0x00000000c6400000, 0x00000000c6400000| Complete 
|  73|0x00000000c6500000, 0x00000000c6600000, 0x00000000c6600000|100%| E|CS|TAMS 0x00000000c6500000, 0x00000000c6500000| Complete 
|  74|0x00000000c6600000, 0x00000000c66b3800, 0x00000000c6700000| 70%| O|  |TAMS 0x00000000c6600000, 0x00000000c6600000| Untracked 

Card table byte_map: [0x0000026878370000,0x0000026878570000] _byte_map_base: 0x0000026877d62000

Marking Bits (Prev, Next): (CMBitMap*) 0x000002686fd892d8, (CMBitMap*) 0x000002686fd89310
 Prev Bits: [0x0000026878770000, 0x0000026879700000)
 Next Bits: [0x0000026879700000, 0x000002687a690000)

Polling page: 0x000002686dd40000

Metaspace:

Usage:
  Non-class:     23.06 MB capacity,    22.77 MB ( 99%) used,   267.38 KB (  1%) free+waste,    31.50 KB ( <1%) overhead. 
      Class:      2.74 MB capacity,     2.53 MB ( 92%) used,   202.91 KB (  7%) free+waste,    12.31 KB ( <1%) overhead. 
       Both:     25.80 MB capacity,    25.30 MB ( 98%) used,   470.29 KB (  2%) free+waste,    43.81 KB ( <1%) overhead. 

Virtual space:
  Non-class space:       24.00 MB reserved,      23.17 MB ( 97%) committed 
      Class space:        1.00 GB reserved,       2.75 MB ( <1%) committed 
             Both:        1.02 GB reserved,      25.92 MB (  2%) committed 

Chunk freelists:
   Non-Class:  6.00 KB
       Class:  1.13 KB
        Both:  7.13 KB

CodeHeap 'non-profiled nmethods': size=120064Kb used=2335Kb max_used=2335Kb free=117728Kb
 bounds [0x0000026807ac0000, 0x0000026807d30000, 0x000002680f000000]
CodeHeap 'profiled nmethods': size=120000Kb used=9471Kb max_used=9583Kb free=110529Kb
 bounds [0x0000026800590000, 0x0000026800f00000, 0x0000026807ac0000]
CodeHeap 'non-nmethods': size=5696Kb used=1144Kb max_used=1172Kb free=4551Kb
 bounds [0x0000026800000000, 0x0000026800270000, 0x0000026800590000]
 total_blobs=4578 nmethods=4098 adapters=390
 compilation: enabled
              stopped_count=0, restarted_count=0
 full_count=0

Compilation events (10 events):
Event: 10.755 Thread 0x000002687d3a5000 nmethod 4308 0x0000026807d08410 code [0x0000026807d08720, 0x0000026807d0a280]
Event: 10.946 Thread 0x000002687d3ce000 4309       1       java.util.concurrent.atomic.AtomicInteger::get (5 bytes)
Event: 10.946 Thread 0x000002687d3ce000 nmethod 4309 0x0000026807b23410 code [0x0000026807b235a0, 0x0000026807b236b8]
Event: 10.946 Thread 0x000002687d3ce000 4310       3       java.lang.invoke.VarHandleGuards::guard_LII_Z (70 bytes)
Event: 10.947 Thread 0x000002687d3ce000 nmethod 4310 0x0000026800676990 code [0x0000026800676c20, 0x0000026800677b50]
Event: 11.038 Thread 0x000002687d3ce000 4312       3       java.lang.invoke.VarHandleInts$FieldInstanceReadWrite::compareAndSet (24 bytes)
Event: 11.039 Thread 0x000002687d3ce000 nmethod 4312 0x0000026800675f90 code [0x0000026800676180, 0x0000026800676690]
Event: 11.488 Thread 0x000002687d3ce000 4313       3       sun.nio.cs.SingleByte$Decoder::decode (11 bytes)
Event: 11.488 Thread 0x000002687d3ce000 nmethod 4313 0x00000268005e1690 code [0x00000268005e1840, 0x00000268005e19d8]
Event: 11.509 Thread 0x000002687d3a5000 4314       4       java.lang.String::replace (42 bytes)

GC Heap History (10 events):
Event: 6.231 GC heap before
{Heap before GC invocations=6 (full 0):
 garbage-first heap   total 65536K, used 34131K [0x00000000c1c00000, 0x0000000100000000)
  region size 1024K, 26 young (26624K), 2 survivors (2048K)
 Metaspace       used 21127K, capacity 21440K, committed 21808K, reserved 1069056K
  class space    used 2216K, capacity 2318K, committed 2432K, reserved 1048576K
}
Event: 6.240 GC heap after
{Heap after GC invocations=7 (full 0):
 garbage-first heap   total 65536K, used 11072K [0x00000000c1c00000, 0x0000000100000000)
  region size 1024K, 3 young (3072K), 3 survivors (3072K)
 Metaspace       used 21127K, capacity 21440K, committed 21808K, reserved 1069056K
  class space    used 2216K, capacity 2318K, committed 2432K, reserved 1048576K
}
Event: 7.130 GC heap before
{Heap before GC invocations=7 (full 0):
 garbage-first heap   total 65536K, used 35648K [0x00000000c1c00000, 0x0000000100000000)
  region size 1024K, 28 young (28672K), 3 survivors (3072K)
 Metaspace       used 21702K, capacity 22080K, committed 22320K, reserved 1069056K
  class space    used 2244K, capacity 2358K, committed 2432K, reserved 1048576K
}
Event: 7.139 GC heap after
{Heap after GC invocations=8 (full 0):
 garbage-first heap   total 65536K, used 12200K [0x00000000c1c00000, 0x0000000100000000)
  region size 1024K, 3 young (3072K), 3 survivors (3072K)
 Metaspace       used 21702K, capacity 22080K, committed 22320K, reserved 1069056K
  class space    used 2244K, capacity 2358K, committed 2432K, reserved 1048576K
}
Event: 7.551 GC heap before
{Heap before GC invocations=8 (full 0):
 garbage-first heap   total 65536K, used 38824K [0x00000000c1c00000, 0x0000000100000000)
  region size 1024K, 10 young (10240K), 3 survivors (3072K)
 Metaspace       used 22550K, capacity 22916K, committed 23216K, reserved 1071104K
  class space    used 2331K, capacity 2490K, committed 2560K, reserved 1048576K
}
Event: 7.559 GC heap after
{Heap after GC invocations=9 (full 0):
 garbage-first heap   total 65536K, used 33650K [0x00000000c1c00000, 0x0000000100000000)
  region size 1024K, 3 young (3072K), 3 survivors (3072K)
 Metaspace       used 22550K, capacity 22916K, committed 23216K, reserved 1071104K
  class space    used 2331K, capacity 2490K, committed 2560K, reserved 1048576K
}
Event: 7.965 GC heap before
{Heap before GC invocations=10 (full 0):
 garbage-first heap   total 73728K, used 72562K [0x00000000c1c00000, 0x0000000100000000)
  region size 1024K, 13 young (13312K), 3 survivors (3072K)
 Metaspace       used 22781K, capacity 23109K, committed 23472K, reserved 1071104K
  class space    used 2339K, capacity 2490K, committed 2560K, reserved 1048576K
}
Event: 7.972 GC heap after
{Heap after GC invocations=11 (full 0):
 garbage-first heap   total 76800K, used 13446K [0x00000000c1c00000, 0x0000000100000000)
  region size 1024K, 2 young (2048K), 2 survivors (2048K)
 Metaspace       used 22781K, capacity 23109K, committed 23472K, reserved 1071104K
  class space    used 2339K, capacity 2490K, committed 2560K, reserved 1048576K
}
Event: 9.633 GC heap before
{Heap before GC invocations=11 (full 0):
 garbage-first heap   total 76800K, used 44166K [0x00000000c1c00000, 0x0000000100000000)
  region size 1024K, 32 young (32768K), 2 survivors (2048K)
 Metaspace       used 23708K, capacity 24167K, committed 24368K, reserved 1071104K
  class space    used 2389K, capacity 2565K, committed 2688K, reserved 1048576K
}
Event: 9.640 GC heap after
{Heap after GC invocations=12 (full 0):
 garbage-first heap   total 76800K, used 14965K [0x00000000c1c00000, 0x0000000100000000)
  region size 1024K, 3 young (3072K), 3 survivors (3072K)
 Metaspace       used 23708K, capacity 24167K, committed 24368K, reserved 1071104K
  class space    used 2389K, capacity 2565K, committed 2688K, reserved 1048576K
}

Deoptimization events (10 events):
Event: 10.608 Thread 0x000002686fd5c800 Uncommon trap: reason=class_check action=maybe_recompile pc=0x0000026807bed184 method=java.util.Collections$UnmodifiableMap$UnmodifiableEntrySet$UnmodifiableEntry.getKey()Ljava/lang/Object; @ 4 c2
Event: 10.608 Thread 0x000002686fd5c800 Uncommon trap: reason=class_check action=maybe_recompile pc=0x0000026807bed484 method=java.util.Collections$UnmodifiableMap$UnmodifiableEntrySet$UnmodifiableEntry.getValue()Ljava/lang/Object; @ 4 c2
Event: 10.608 Thread 0x000002686fd5c800 Uncommon trap: reason=class_check action=maybe_recompile pc=0x0000026807beb110 method=java.util.Collections$UnmodifiableMap$UnmodifiableEntrySet$1.hasNext()Z @ 4 c2
Event: 10.608 Thread 0x000002686fd5c800 Uncommon trap: reason=class_check action=maybe_recompile pc=0x0000026807becbb4 method=java.util.Collections$UnmodifiableMap$UnmodifiableEntrySet$1.next()Ljava/util/Map$Entry; @ 8 c2
Event: 10.608 Thread 0x000002686fd5c800 Uncommon trap: reason=class_check action=maybe_recompile pc=0x0000026807bed184 method=java.util.Collections$UnmodifiableMap$UnmodifiableEntrySet$UnmodifiableEntry.getKey()Ljava/lang/Object; @ 4 c2
Event: 10.608 Thread 0x000002686fd5c800 Uncommon trap: reason=class_check action=maybe_recompile pc=0x0000026807bed484 method=java.util.Collections$UnmodifiableMap$UnmodifiableEntrySet$UnmodifiableEntry.getValue()Ljava/lang/Object; @ 4 c2
Event: 10.608 Thread 0x000002686fd5c800 Uncommon trap: reason=class_check action=maybe_recompile pc=0x0000026807beb110 method=java.util.Collections$UnmodifiableMap$UnmodifiableEntrySet$1.hasNext()Z @ 4 c2
Event: 10.608 Thread 0x000002686fd5c800 Uncommon trap: reason=class_check action=maybe_recompile pc=0x0000026807becbb4 method=java.util.Collections$UnmodifiableMap$UnmodifiableEntrySet$1.next()Ljava/util/Map$Entry; @ 8 c2
Event: 10.608 Thread 0x000002686fd5c800 Uncommon trap: reason=class_check action=maybe_recompile pc=0x0000026807bed184 method=java.util.Collections$UnmodifiableMap$UnmodifiableEntrySet$UnmodifiableEntry.getKey()Ljava/lang/Object; @ 4 c2
Event: 10.608 Thread 0x000002686fd5c800 Uncommon trap: reason=class_check action=maybe_recompile pc=0x0000026807bed484 method=java.util.Collections$UnmodifiableMap$UnmodifiableEntrySet$UnmodifiableEntry.getValue()Ljava/lang/Object; @ 4 c2

Classes redefined (0 events):
No events

Internal exceptions (10 events):
Event: 6.336 Thread 0x000002686fd5c800 Implicit null exception at 0x0000026807b2f42f to 0x0000026807b2f49d
Event: 7.370 Thread 0x000002686fd5c800 Implicit null exception at 0x0000026807c67f34 to 0x0000026807c6887a
Event: 9.833 Thread 0x000002686fd5c800 Exception <a 'java/lang/NoSuchMethodError'{0x00000000c6077a50}: org.apache.maven.execution.MavenExecutionRequest.getFailureBehavior()Ljava/lang/String;> (0x00000000c6077a50) thrown at [./open/src/hotspot/share/interpreter/linkResolver.cpp, line 864]
Event: 9.834 Thread 0x000002687f0ab800 Implicit null exception at 0x0000026807bf9a8d to 0x0000026807bf9b76
Event: 9.869 Thread 0x000002687f0ab800 Exception <a 'java/lang/NoSuchMethodError'{0x00000000c62c9300}: java.lang.invoke.DirectMethodHandle$Holder.invokeStaticInit(Ljava/lang/Object;Ljava/lang/Object;JLjava/lang/Object;)Ljava/lang/Object;> (0x00000000c62c9300) thrown at [./open/src/hotspot/shar
Event: 9.871 Thread 0x000002687f0ab800 Exception <a 'java/lang/NoSuchMethodError'{0x00000000c5f05b70}: java.lang.invoke.Invokers$Holder.linkToTargetMethod(Ljava/lang/Object;JLjava/lang/Object;)Ljava/lang/Object;> (0x00000000c5f05b70) thrown at [./open/src/hotspot/share/interpreter/linkResolver
Event: 10.549 Thread 0x000002686fd5c800 Exception <a 'java/lang/NoSuchMethodError'{0x00000000c4a86da0}: java.lang.invoke.DirectMethodHandle$Holder.invokeStatic(Ljava/lang/Object;ILjava/lang/Object;)Ljava/lang/Object;> (0x00000000c4a86da0) thrown at [./open/src/hotspot/share/interpreter/linkReso
Event: 10.643 Thread 0x000002686fd5c800 Exception <a 'java/lang/NoSuchMethodError'{0x00000000c495bf88}: java.lang.invoke.DirectMethodHandle$Holder.invokeStatic(Ljava/lang/Object;J)V> (0x00000000c495bf88) thrown at [./open/src/hotspot/share/interpreter/linkResolver.cpp, line 772]
Event: 10.644 Thread 0x000002686fd5c800 Exception <a 'java/lang/NoSuchMethodError'{0x00000000c4961190}: java.lang.invoke.DirectMethodHandle$Holder.invokeStatic(Ljava/lang/Object;J)Ljava/lang/Object;> (0x00000000c4961190) thrown at [./open/src/hotspot/share/interpreter/linkResolver.cpp, line 772
Event: 10.645 Thread 0x000002686fd5c800 Exception <a 'java/lang/NoSuchMethodError'{0x00000000c49644b8}: java.lang.invoke.DirectMethodHandle$Holder.invokeSpecial(Ljava/lang/Object;Ljava/lang/Object;J)Ljava/lang/Object;> (0x00000000c49644b8) thrown at [./open/src/hotspot/share/interpreter/linkRes

Events (10 events):
Event: 11.508 loading class org/apache/maven/plugin/surefire/booterclient/output/InPluginProcessDumpSingleton
Event: 11.508 loading class org/apache/maven/plugin/surefire/booterclient/output/InPluginProcessDumpSingleton done
Event: 11.508 loading class org/apache/maven/plugin/surefire/booterclient/output/InPluginProcessDumpSingleton
Event: 11.508 loading class org/apache/maven/plugin/surefire/booterclient/output/InPluginProcessDumpSingleton done
Event: 11.520 Executing VM operation: RevokeBias
Event: 11.520 Executing VM operation: RevokeBias done
Event: 11.524 loading class java/lang/Throwable$WrappedPrintWriter
Event: 11.524 loading class java/lang/Throwable$PrintStreamOrWriter
Event: 11.526 loading class java/lang/Throwable$PrintStreamOrWriter done
Event: 11.526 loading class java/lang/Throwable$WrappedPrintWriter done


Dynamic libraries:
0x00007ff6b9af0000 - 0x00007ff6b9aff000 	C:\Program Files\Java\jdk-11.0.8\bin\javaw.exe
0x00007ffe7a150000 - 0x00007ffe7a345000 	C:\WINDOWS\SYSTEM32\ntdll.dll
0x00007ffe6a600000 - 0x00007ffe6a613000 	C:\Program Files (x86)\AVG\Antivirus\aswhook.dll
0x00007ffe796a0000 - 0x00007ffe7975d000 	C:\WINDOWS\System32\KERNEL32.DLL
0x00007ffe77e40000 - 0x00007ffe78108000 	C:\WINDOWS\System32\KERNELBASE.dll
0x00007ffe77920000 - 0x00007ffe77a20000 	C:\WINDOWS\System32\ucrtbase.dll
0x00007ffe73380000 - 0x00007ffe73398000 	C:\Program Files\Java\jdk-11.0.8\bin\jli.dll
0x00007ffe79400000 - 0x00007ffe794ac000 	C:\WINDOWS\System32\ADVAPI32.dll
0x00007ffe79ad0000 - 0x00007ffe79b6e000 	C:\WINDOWS\System32\msvcrt.dll
0x00007ffe799c0000 - 0x00007ffe79a5b000 	C:\WINDOWS\System32\sechost.dll
0x00007ffe792d0000 - 0x00007ffe793fb000 	C:\WINDOWS\System32\RPCRT4.dll
0x00007ffe6acc0000 - 0x00007ffe6acd5000 	C:\Program Files\Java\jdk-11.0.8\bin\VCRUNTIME140.dll
0x00007ffe78960000 - 0x00007ffe78b00000 	C:\WINDOWS\System32\USER32.dll
0x00007ffe77a20000 - 0x00007ffe77a42000 	C:\WINDOWS\System32\win32u.dll
0x00007ffe78930000 - 0x00007ffe7895a000 	C:\WINDOWS\System32\GDI32.dll
0x00007ffe77b30000 - 0x00007ffe77c3b000 	C:\WINDOWS\System32\gdi32full.dll
0x00007ffe77da0000 - 0x00007ffe77e3d000 	C:\WINDOWS\System32\msvcp_win.dll
0x00007ffe6a2d0000 - 0x00007ffe6a56a000 	C:\WINDOWS\WinSxS\amd64_microsoft.windows.common-controls_6595b64144ccf1df_6.0.19041.1052_none_60b8f8fd71f5e8cb\COMCTL32.dll
0x00007ffe70d90000 - 0x00007ffe70d9a000 	C:\WINDOWS\SYSTEM32\VERSION.dll
0x00007ffe781c0000 - 0x00007ffe781f0000 	C:\WINDOWS\System32\IMM32.DLL
0x00007ffe528c0000 - 0x00007ffe5295b000 	C:\Program Files\Java\jdk-11.0.8\bin\msvcp140.dll
0x00007ffe4ae40000 - 0x00007ffe4b926000 	C:\Program Files\Java\jdk-11.0.8\bin\server\jvm.dll
0x00007ffe792c0000 - 0x00007ffe792c8000 	C:\WINDOWS\System32\PSAPI.DLL
0x00007ffe6d030000 - 0x00007ffe6d057000 	C:\WINDOWS\SYSTEM32\WINMM.dll
0x00007ffe6a280000 - 0x00007ffe6a289000 	C:\WINDOWS\SYSTEM32\WSOCK32.dll
0x00007ffe79630000 - 0x00007ffe7969b000 	C:\WINDOWS\System32\WS2_32.dll
0x00007ffe757e0000 - 0x00007ffe757f2000 	C:\WINDOWS\SYSTEM32\kernel.appcore.dll
0x00007ffe4e200000 - 0x00007ffe4e210000 	C:\Program Files\Java\jdk-11.0.8\bin\verify.dll
0x00007ffe6da50000 - 0x00007ffe6dc34000 	C:\WINDOWS\SYSTEM32\DBGHELP.DLL
0x00007ffe70c20000 - 0x00007ffe70c4c000 	C:\WINDOWS\SYSTEM32\dbgcore.DLL
0x00007ffe77890000 - 0x00007ffe77913000 	C:\WINDOWS\System32\bcryptPrimitives.dll
0x00007ffe49a20000 - 0x00007ffe49a48000 	C:\Program Files\Java\jdk-11.0.8\bin\java.dll
0x00007ffe499d0000 - 0x00007ffe499da000 	C:\Program Files\Java\jdk-11.0.8\bin\jimage.dll
0x00007ffe499b0000 - 0x00007ffe499c6000 	C:\Program Files\Java\jdk-11.0.8\bin\zip.dll
0x00007ffe781f0000 - 0x00007ffe7892f000 	C:\WINDOWS\System32\SHELL32.dll
0x00007ffe759e0000 - 0x00007ffe76170000 	C:\WINDOWS\SYSTEM32\windows.storage.dll
0x00007ffe78da0000 - 0x00007ffe790f5000 	C:\WINDOWS\System32\combase.dll
0x00007ffe77230000 - 0x00007ffe7725c000 	C:\WINDOWS\SYSTEM32\Wldp.dll
0x00007ffe79b90000 - 0x00007ffe79c3e000 	C:\WINDOWS\System32\SHCORE.dll
0x00007ffe79c40000 - 0x00007ffe79c95000 	C:\WINDOWS\System32\shlwapi.dll
0x00007ffe777d0000 - 0x00007ffe777ef000 	C:\WINDOWS\SYSTEM32\profapi.dll
0x00007ffe474f0000 - 0x00007ffe47509000 	C:\Program Files\Java\jdk-11.0.8\bin\net.dll
0x00007ffe6d260000 - 0x00007ffe6d36b000 	C:\WINDOWS\SYSTEM32\WINHTTP.dll
0x00007ffe76fa0000 - 0x00007ffe7700a000 	C:\WINDOWS\system32\mswsock.dll
0x00007ffe474a0000 - 0x00007ffe474b2000 	C:\Program Files\Java\jdk-11.0.8\bin\nio.dll
0x00007ffe77170000 - 0x00007ffe77188000 	C:\WINDOWS\SYSTEM32\CRYPTSP.dll
0x00007ffe76940000 - 0x00007ffe76974000 	C:\WINDOWS\system32\rsaenh.dll
0x00007ffe77b00000 - 0x00007ffe77b27000 	C:\WINDOWS\System32\bcrypt.dll
0x00007ffe77790000 - 0x00007ffe777be000 	C:\WINDOWS\SYSTEM32\USERENV.dll
0x00007ffe77190000 - 0x00007ffe7719c000 	C:\WINDOWS\SYSTEM32\CRYPTBASE.dll
0x00007ffe76c90000 - 0x00007ffe76ccb000 	C:\WINDOWS\SYSTEM32\IPHLPAPI.DLL
0x00007ffe78b00000 - 0x00007ffe78b08000 	C:\WINDOWS\System32\NSI.dll
0x00007ffe704c0000 - 0x00007ffe704d7000 	C:\WINDOWS\SYSTEM32\dhcpcsvc6.DLL
0x00007ffe704a0000 - 0x00007ffe704bd000 	C:\WINDOWS\SYSTEM32\dhcpcsvc.DLL
0x00007ffe76cd0000 - 0x00007ffe76d9c000 	C:\WINDOWS\SYSTEM32\DNSAPI.dll
0x00007ffe73470000 - 0x00007ffe7347a000 	C:\Users\ThienNhan\AppData\Local\Temp\jansi-1.17.1-6580647820324891194.dll
0x00007ffe73360000 - 0x00007ffe7336a000 	C:\Users\ThienNhan\AppData\Local\Temp\jansi-1.17.1-2749189283968413218.dll

dbghelp: loaded successfully - version: 4.0.5 - missing functions: none
symbol engine: initialized successfully - sym options: 0x614 - pdb path: .;C:\Program Files\Java\jdk-11.0.8\bin;C:\WINDOWS\SYSTEM32;C:\Program Files (x86)\AVG\Antivirus;C:\WINDOWS\WinSxS\amd64_microsoft.windows.common-controls_6595b64144ccf1df_6.0.19041.1052_none_60b8f8fd71f5e8cb;C:\Program Files\Java\jdk-11.0.8\bin\server;C:\Users\ThienNhan\AppData\Local\Temp

VM Arguments:
jvm_args: -Dmaven.home=EMBEDDED -Dclassworlds.conf=C:\Users\ThienNhan\eclipse-workspace\.metadata\.plugins\org.eclipse.m2e.launching\launches\m2conf12356904298882861997.tmp -Dmaven.multiModuleProjectDirectory=C:\LIEN\Java\movie_java\movie_java_repo\demo -Dfile.encoding=Cp1252 
java_command: org.codehaus.plexus.classworlds.launcher.Launcher -B install
java_class_path (initial): C:\Users\ThienNhan\Downloads\eclipse\plugins\org.eclipse.m2e.maven.runtime_1.16.0.20200610-1735\jars\plexus-classworlds-2.6.0.jar
Launcher Type: SUN_STANDARD

[Global flags]
     intx CICompilerCount                          = 3                                         {product} {ergonomic}
     uint ConcGCThreads                            = 1                                         {product} {ergonomic}
     uint G1ConcRefinementThreads                  = 4                                         {product} {ergonomic}
   size_t G1HeapRegionSize                         = 1048576                                   {product} {ergonomic}
    uintx GCDrainStackTargetSize                   = 64                                        {product} {ergonomic}
   size_t InitialHeapSize                          = 67108864                                  {product} {ergonomic}
   size_t MarkStackSize                            = 4194304                                   {product} {ergonomic}
   size_t MaxHeapSize                              = 1044381696                                {product} {ergonomic}
   size_t MaxNewSize                               = 625999872                                 {product} {ergonomic}
   size_t MinHeapDeltaBytes                        = 1048576                                   {product} {ergonomic}
    uintx NonNMethodCodeHeapSize                   = 5830732                                {pd product} {ergonomic}
    uintx NonProfiledCodeHeapSize                  = 122913754                              {pd product} {ergonomic}
    uintx ProfiledCodeHeapSize                     = 122913754                              {pd product} {ergonomic}
    uintx ReservedCodeCacheSize                    = 251658240                              {pd product} {ergonomic}
     bool SegmentedCodeCache                       = true                                      {product} {ergonomic}
     bool UseCompressedClassPointers               = true                                 {lp64_product} {ergonomic}
     bool UseCompressedOops                        = true                                 {lp64_product} {ergonomic}
     bool UseG1GC                                  = true                                      {product} {ergonomic}
     bool UseLargePagesIndividualAllocation        = false                                  {pd product} {ergonomic}

Logging:
Log output configuration:
 #0: stdout all=warning uptime,level,tags
 #1: stderr all=off uptime,level,tags

Environment Variables:
JAVA_HOME=C:\Program Files\Java\jdk-11.0.8
PATH=C:/Program Files/Java/jdk-11.0.8/bin/server;C:/Program Files/Java/jdk-11.0.8/bin;C:\Program Files (x86)\Intel\iCLS Client\;C:\Program Files\Intel\iCLS Client\;C:\WINDOWS\system32;C:\WINDOWS;C:\WINDOWS\System32\Wbem;C:\WINDOWS\System32\WindowsPowerShell\v1.0\;C:\Program Files\Intel\IntelSGXPSW\bin\x64\Release\;C:\Program Files\Intel\IntelSGXPSW\bin\win32\Release\;C:\Program Files\Hewlett-Packard\SimplePass\;C:\Program Files (x86)\Intel\Intel(R) Management Engine Components\DAL;C:\Program Files\Intel\Intel(R) Management Engine Components\DAL;C:\Program Files (x86)\Intel\Intel(R) Management Engine Components\IPT;C:\Program Files\Intel\Intel(R) Management Engine Components\IPT;C:\Program Files\Intel\WiFi\bin\;C:\Program Files\Common Files\Intel\WirelessCommon\;C:\WINDOWS\System32\OpenSSH\;C:\Program Files\Java\jdk-11.0.8\bin\;C:\Program Files\dotnet\;C:\ProgramData\chocolatey\bin;C:\Program Files\Git\cmd;C:\Program Files (x86)\mingw-w64\i686-8.1.0-posix-dwarf-rt_v6-rev0\mingw32\bin;C:\Program Files\nodejs\;C:\Windows\Microsoft.NET\Framework\v4.0.30319;C:\Users\ThienNhan\AppData\Local\Microsoft\WindowsApps;;C:\Users\ThienNhan\AppData\Local\Programs\Microsoft VS Code\bin;C:\Users\ThienNhan\.dotnet\tools;C:\Users\ThienNhan\AppData\Roaming\npm;C:\Users\ThienNhan\Downloads\eclipse;
USERNAME=ThienNhan
OS=Windows_NT
PROCESSOR_IDENTIFIER=Intel64 Family 6 Model 78 Stepping 3, GenuineIntel



---------------  S Y S T E M  ---------------

OS: Windows 10 , 64 bit Build 19041 (10.0.19041.1023)

CPU:total 4 (initial active 4) (2 cores per cpu, 2 threads per core) family 6 model 78 stepping 3, cmov, cx8, fxsr, mmx, sse, sse2, sse3, ssse3, sse4.1, sse4.2, popcnt, avx, avx2, aes, clmul, erms, 3dnowpref, lzcnt, ht, tsc, tscinvbit, bmi1, bmi2, adx, fma

Memory: 4k page, system-wide physical 3978M (294M free)
TotalPageFile size 7978M (AvailPageFile size 41M)
current process WorkingSet (physical memory assigned to process): 166M, peak: 174M
current process commit charge ("private bytes"): 199M, peak: 206M

vm_info: Java HotSpot(TM) 64-Bit Server VM (11.0.8+10-LTS) for windows-amd64 JRE (11.0.8+10-LTS), built on Jun 16 2020 05:53:08 by "mach5one" with unknown MS VC++:1916

END.
